<?xml version="1.0" encoding="utf-8"?>
<TestRun id="a24dde2f-fe4c-4558-8f0a-f32c77eacff4" name="@MacBook-Pro 2025-11-30 11:04:19" xmlns="http://microsoft.com/schemas/VisualStudio/TeamTest/2010">
  <Times creation="2025-11-30T11:04:19.6534290+01:00" queuing="2025-11-30T11:04:19.6534290+01:00" start="2025-11-30T11:04:19.2180260+01:00" finish="2025-11-30T11:04:19.6809430+01:00" />
  <TestSettings name="default" id="51ff2fdf-0d60-44e2-8996-16564e12c25a">
    <Deployment runDeploymentRoot="_MacBook-Pro_2025-11-30_11_04_19" />
  </TestSettings>
  <Results>
    <UnitTestResult executionId="a15be429-08ed-4015-9af7-7c8c19ebc47f" testId="8d63b32d-4c16-60be-047d-196e75f4a49b" testName="myIoTGrid.Hub.Interface.Tests.Controllers.ReadingsControllerTests.Create_WithValidData_ReturnsCreatedAtAction" computerName="MacBook-Pro" duration="00:00:00.0305673" startTime="2025-11-30T11:04:19.5483930+01:00" endTime="2025-11-30T11:04:19.5483930+01:00" testType="13cdc9d9-ddb5-4fa4-a97d-d965ccfc6d4b" outcome="Passed" testListId="8c84fa94-04c1-424b-9868-57a2d4851a1d" relativeResultsDirectory="a15be429-08ed-4015-9af7-7c8c19ebc47f" />
    <UnitTestResult executionId="1598d13d-8222-40d5-84a4-4bf3bae84ac1" testId="70b72edc-c1f7-a492-ab66-fe80158e5811" testName="myIoTGrid.Hub.Interface.Tests.Controllers.AlertsControllerTests.GetActive_ReturnsOkWithAlerts" computerName="MacBook-Pro" duration="00:00:00.0005558" startTime="2025-11-30T11:04:19.5675580+01:00" endTime="2025-11-30T11:04:19.5675580+01:00" testType="13cdc9d9-ddb5-4fa4-a97d-d965ccfc6d4b" outcome="Passed" testListId="8c84fa94-04c1-424b-9868-57a2d4851a1d" relativeResultsDirectory="1598d13d-8222-40d5-84a4-4bf3bae84ac1" />
    <UnitTestResult executionId="b17f46a1-d8cb-48ee-be39-0bacc43bf4e0" testId="1f422190-70ec-fb20-360e-082045767a18" testName="myIoTGrid.Hub.Interface.Tests.Controllers.AlertsControllerTests.GetFiltered_ReturnsOkWithPaginatedResult" computerName="MacBook-Pro" duration="00:00:00.0009093" startTime="2025-11-30T11:04:19.5683830+01:00" endTime="2025-11-30T11:04:19.5683830+01:00" testType="13cdc9d9-ddb5-4fa4-a97d-d965ccfc6d4b" outcome="Passed" testListId="8c84fa94-04c1-424b-9868-57a2d4851a1d" relativeResultsDirectory="b17f46a1-d8cb-48ee-be39-0bacc43bf4e0" />
    <UnitTestResult executionId="12712caa-efe9-4a58-a429-9183e0d4cf22" testId="6c157266-df31-31e0-e3d7-d64e0b881f0f" testName="myIoTGrid.Hub.Interface.Tests.Middleware.ExceptionMiddlewareTests.InvokeAsync_IncludesTraceId" computerName="MacBook-Pro" duration="00:00:00.0003102" startTime="2025-11-30T11:04:19.5908910+01:00" endTime="2025-11-30T11:04:19.5908910+01:00" testType="13cdc9d9-ddb5-4fa4-a97d-d965ccfc6d4b" outcome="Passed" testListId="8c84fa94-04c1-424b-9868-57a2d4851a1d" relativeResultsDirectory="12712caa-efe9-4a58-a429-9183e0d4cf22" />
    <UnitTestResult executionId="543a7a3a-1929-4e25-9f4a-74e32e024a9e" testId="daa4074c-cab4-33bd-f971-29b291d3f390" testName="myIoTGrid.Hub.Interface.Tests.Middleware.TenantMiddlewareTests.InvokeAsync_WithEmptyTenantIdHeader_UsesDefaultTenant" computerName="MacBook-Pro" duration="00:00:00.0004789" startTime="2025-11-30T11:04:19.5689600+01:00" endTime="2025-11-30T11:04:19.5689600+01:00" testType="13cdc9d9-ddb5-4fa4-a97d-d965ccfc6d4b" outcome="Passed" testListId="8c84fa94-04c1-424b-9868-57a2d4851a1d" relativeResultsDirectory="543a7a3a-1929-4e25-9f4a-74e32e024a9e" />
    <UnitTestResult executionId="b808526c-7342-4fa5-bdca-70a5969c996f" testId="f7927470-803c-2d90-60dc-8f757e1e66fa" testName="myIoTGrid.Hub.Interface.Tests.Middleware.ExceptionMiddlewareTests.InvokeAsync_WithUnauthorizedAccessException_Returns401" computerName="MacBook-Pro" duration="00:00:00.0614434" startTime="2025-11-30T11:04:19.5785070+01:00" endTime="2025-11-30T11:04:19.5785070+01:00" testType="13cdc9d9-ddb5-4fa4-a97d-d965ccfc6d4b" outcome="Passed" testListId="8c84fa94-04c1-424b-9868-57a2d4851a1d" relativeResultsDirectory="b808526c-7342-4fa5-bdca-70a5969c996f" />
    <UnitTestResult executionId="e8ced9aa-1e25-41eb-b997-5fd534efcdd2" testId="c605f10e-f191-22a5-5493-0b505596d5b8" testName="myIoTGrid.Hub.Interface.Tests.Controllers.ReadingsControllerTests.Create_WithMinimalData_ReturnsCreatedAtAction" computerName="MacBook-Pro" duration="00:00:00.0008170" startTime="2025-11-30T11:04:19.5490000+01:00" endTime="2025-11-30T11:04:19.5490000+01:00" testType="13cdc9d9-ddb5-4fa4-a97d-d965ccfc6d4b" outcome="Passed" testListId="8c84fa94-04c1-424b-9868-57a2d4851a1d" relativeResultsDirectory="e8ced9aa-1e25-41eb-b997-5fd534efcdd2" />
    <UnitTestResult executionId="940f3456-60ce-456e-bd2a-8b21b92b8b0a" testId="944fad7e-e770-9175-f9cb-3f3502a7ab57" testName="myIoTGrid.Hub.Interface.Tests.Middleware.TenantMiddlewareTests.InvokeAsync_WithoutConfiguredDefaultTenant_UsesFallbackTenant" computerName="MacBook-Pro" duration="00:00:00.0023170" startTime="2025-11-30T11:04:19.5687240+01:00" endTime="2025-11-30T11:04:19.5687240+01:00" testType="13cdc9d9-ddb5-4fa4-a97d-d965ccfc6d4b" outcome="Passed" testListId="8c84fa94-04c1-424b-9868-57a2d4851a1d" relativeResultsDirectory="940f3456-60ce-456e-bd2a-8b21b92b8b0a" />
    <UnitTestResult executionId="39884132-99e5-4bca-8cde-087038f8cd5a" testId="091f1b23-6dce-8b6f-bd81-e85b20ef33b1" testName="myIoTGrid.Hub.Interface.Tests.Middleware.ExceptionMiddlewareTests.InvokeAsync_WithNoException_PassesThrough" computerName="MacBook-Pro" duration="00:00:00.0003142" startTime="2025-11-30T11:04:19.5900340+01:00" endTime="2025-11-30T11:04:19.5900340+01:00" testType="13cdc9d9-ddb5-4fa4-a97d-d965ccfc6d4b" outcome="Passed" testListId="8c84fa94-04c1-424b-9868-57a2d4851a1d" relativeResultsDirectory="39884132-99e5-4bca-8cde-087038f8cd5a" />
    <UnitTestResult executionId="f6c4c11a-df41-4020-afd9-d70ea7956303" testId="0a859242-88d0-4fcc-3a4f-bc426f67d292" testName="myIoTGrid.Hub.Interface.Tests.Middleware.TenantMiddlewareTests.InvokeAsync_WithInvalidTenantIdHeader_UsesDefaultTenant" computerName="MacBook-Pro" duration="00:00:00.0004826" startTime="2025-11-30T11:04:19.5689120+01:00" endTime="2025-11-30T11:04:19.5689120+01:00" testType="13cdc9d9-ddb5-4fa4-a97d-d965ccfc6d4b" outcome="Passed" testListId="8c84fa94-04c1-424b-9868-57a2d4851a1d" relativeResultsDirectory="f6c4c11a-df41-4020-afd9-d70ea7956303" />
    <UnitTestResult executionId="9d558639-6454-49cb-a0c5-a55712c6818d" testId="a8770c87-cb6d-9c3a-98b3-ddd91b3387a3" testName="myIoTGrid.Hub.Interface.Tests.Controllers.NodesControllerTests.Create_WithHubIdentifier_LooksUpHub" computerName="MacBook-Pro" duration="00:00:00.0006928" startTime="2025-11-30T11:04:19.5716910+01:00" endTime="2025-11-30T11:04:19.5716910+01:00" testType="13cdc9d9-ddb5-4fa4-a97d-d965ccfc6d4b" outcome="Passed" testListId="8c84fa94-04c1-424b-9868-57a2d4851a1d" relativeResultsDirectory="9d558639-6454-49cb-a0c5-a55712c6818d" />
    <UnitTestResult executionId="eb82dc4f-1628-4b8e-888f-c4a585b69b57" testId="da3a59d7-2f4b-cffe-e114-444f99a12278" testName="myIoTGrid.Hub.Interface.Tests.Controllers.AlertsControllerTests.GetActive_WithNoAlerts_ReturnsOkWithEmptyList" computerName="MacBook-Pro" duration="00:00:00.0022966" startTime="2025-11-30T11:04:19.5493190+01:00" endTime="2025-11-30T11:04:19.5493190+01:00" testType="13cdc9d9-ddb5-4fa4-a97d-d965ccfc6d4b" outcome="Passed" testListId="8c84fa94-04c1-424b-9868-57a2d4851a1d" relativeResultsDirectory="eb82dc4f-1628-4b8e-888f-c4a585b69b57" />
    <UnitTestResult executionId="23ff8701-e8b1-4d1a-98bc-b9d565675d07" testId="37090c82-dfac-96ad-a724-6a023de95492" testName="myIoTGrid.Hub.Interface.Tests.Controllers.NodesControllerTests.GetAssignments_ReturnsOkWithAssignments" computerName="MacBook-Pro" duration="00:00:00.0005530" startTime="2025-11-30T11:04:19.5767300+01:00" endTime="2025-11-30T11:04:19.5767300+01:00" testType="13cdc9d9-ddb5-4fa4-a97d-d965ccfc6d4b" outcome="Passed" testListId="8c84fa94-04c1-424b-9868-57a2d4851a1d" relativeResultsDirectory="23ff8701-e8b1-4d1a-98bc-b9d565675d07" />
    <UnitTestResult executionId="00f7b236-632e-464c-b56e-e244e171f506" testId="4e40e29a-d8b2-3f27-7a72-8058b20c0c36" testName="myIoTGrid.Hub.Interface.Tests.Controllers.AlertsControllerTests.Acknowledge_WithNonExistingAlert_ReturnsNotFound" computerName="MacBook-Pro" duration="00:00:00.0008642" startTime="2025-11-30T11:04:19.5681870+01:00" endTime="2025-11-30T11:04:19.5681870+01:00" testType="13cdc9d9-ddb5-4fa4-a97d-d965ccfc6d4b" outcome="Passed" testListId="8c84fa94-04c1-424b-9868-57a2d4851a1d" relativeResultsDirectory="00f7b236-632e-464c-b56e-e244e171f506" />
    <UnitTestResult executionId="24c4383c-eb84-4d04-a4f4-fa1a5d92a240" testId="57ac8c6e-cd51-75fc-a0bc-fd9d47c4aaa6" testName="myIoTGrid.Hub.Interface.Tests.Controllers.ReadingsControllerTests.GetLatest_ReturnsOkWithReadings" computerName="MacBook-Pro" duration="00:00:00.0004403" startTime="2025-11-30T11:04:19.5681550+01:00" endTime="2025-11-30T11:04:19.5681550+01:00" testType="13cdc9d9-ddb5-4fa4-a97d-d965ccfc6d4b" outcome="Passed" testListId="8c84fa94-04c1-424b-9868-57a2d4851a1d" relativeResultsDirectory="24c4383c-eb84-4d04-a4f4-fa1a5d92a240" />
    <UnitTestResult executionId="0922ae8a-6328-4513-96fe-fae8e633299b" testId="a2ae38f8-c388-7696-b899-a928a29cbb73" testName="myIoTGrid.Hub.Interface.Tests.Controllers.AlertsControllerTests.GetFiltered_WithEmptyFilter_ReturnsOk" computerName="MacBook-Pro" duration="00:00:00.0299721" startTime="2025-11-30T11:04:19.5471950+01:00" endTime="2025-11-30T11:04:19.5472050+01:00" testType="13cdc9d9-ddb5-4fa4-a97d-d965ccfc6d4b" outcome="Passed" testListId="8c84fa94-04c1-424b-9868-57a2d4851a1d" relativeResultsDirectory="0922ae8a-6328-4513-96fe-fae8e633299b" />
    <UnitTestResult executionId="7adc0a43-abaa-4615-8249-2a9970a55b45" testId="45c3bd13-d223-2039-7559-104b1d30097f" testName="myIoTGrid.Hub.Interface.Tests.Controllers.NodesControllerTests.Register_WithoutHubIdOrIdentifier_ReturnsBadRequest" computerName="MacBook-Pro" duration="00:00:00.0006765" startTime="2025-11-30T11:04:19.5709330+01:00" endTime="2025-11-30T11:04:19.5709340+01:00" testType="13cdc9d9-ddb5-4fa4-a97d-d965ccfc6d4b" outcome="Passed" testListId="8c84fa94-04c1-424b-9868-57a2d4851a1d" relativeResultsDirectory="7adc0a43-abaa-4615-8249-2a9970a55b45" />
    <UnitTestResult executionId="d39fe50e-2e14-4e91-96d2-ae18f7d44f21" testId="f167b3b7-3edd-d854-19a4-71a13b48ea30" testName="myIoTGrid.Hub.Interface.Tests.Controllers.HubsControllerTests.Create_WithValidData_ReturnsCreatedAtAction" computerName="MacBook-Pro" duration="00:00:00.0007409" startTime="2025-11-30T11:04:19.5687100+01:00" endTime="2025-11-30T11:04:19.5687100+01:00" testType="13cdc9d9-ddb5-4fa4-a97d-d965ccfc6d4b" outcome="Passed" testListId="8c84fa94-04c1-424b-9868-57a2d4851a1d" relativeResultsDirectory="d39fe50e-2e14-4e91-96d2-ae18f7d44f21" />
    <UnitTestResult executionId="3757ddcd-3a56-404f-85cc-f7b290bb5929" testId="a1d5b509-60a5-2a08-fa6a-33246ff9ae6f" testName="myIoTGrid.Hub.Interface.Tests.Controllers.HubsControllerTests.Update_WithExistingHub_ReturnsOkWithHub" computerName="MacBook-Pro" duration="00:00:00.0049763" startTime="2025-11-30T11:04:19.5681720+01:00" endTime="2025-11-30T11:04:19.5681720+01:00" testType="13cdc9d9-ddb5-4fa4-a97d-d965ccfc6d4b" outcome="Passed" testListId="8c84fa94-04c1-424b-9868-57a2d4851a1d" relativeResultsDirectory="3757ddcd-3a56-404f-85cc-f7b290bb5929" />
    <UnitTestResult executionId="d41162da-17bf-4ced-b22f-a35c9009c88c" testId="531fb5d1-0df3-137a-7488-31368e3e6944" testName="myIoTGrid.Hub.Interface.Tests.Controllers.ReadingsControllerTests.GetByNode_WithFilter_PassesFilterToService" computerName="MacBook-Pro" duration="00:00:00.0033552" startTime="2025-11-30T11:04:19.5683920+01:00" endTime="2025-11-30T11:04:19.5683920+01:00" testType="13cdc9d9-ddb5-4fa4-a97d-d965ccfc6d4b" outcome="Passed" testListId="8c84fa94-04c1-424b-9868-57a2d4851a1d" relativeResultsDirectory="d41162da-17bf-4ced-b22f-a35c9009c88c" />
    <UnitTestResult executionId="2ca440a0-45e7-407c-8bfc-53fcbd25c44f" testId="743cc769-2008-ae4b-06f7-e84fe10ce37f" testName="myIoTGrid.Hub.Interface.Tests.Middleware.TenantMiddlewareTests.InvokeAsync_SetsContextTenantBeforeCallingNext" computerName="MacBook-Pro" duration="00:00:00.0020081" startTime="2025-11-30T11:04:19.5689370+01:00" endTime="2025-11-30T11:04:19.5689370+01:00" testType="13cdc9d9-ddb5-4fa4-a97d-d965ccfc6d4b" outcome="Passed" testListId="8c84fa94-04c1-424b-9868-57a2d4851a1d" relativeResultsDirectory="2ca440a0-45e7-407c-8bfc-53fcbd25c44f" />
    <UnitTestResult executionId="8fcd0a83-5543-4bb1-972a-1d58a3c04698" testId="eee0022e-56ca-9d9a-ae4f-df936dcadb9e" testName="myIoTGrid.Hub.Interface.Tests.Controllers.HubsControllerTests.GetNodes_WithNoNodes_ReturnsOkWithEmptyList" computerName="MacBook-Pro" duration="00:00:00.0334211" startTime="2025-11-30T11:04:19.5493100+01:00" endTime="2025-11-30T11:04:19.5493100+01:00" testType="13cdc9d9-ddb5-4fa4-a97d-d965ccfc6d4b" outcome="Passed" testListId="8c84fa94-04c1-424b-9868-57a2d4851a1d" relativeResultsDirectory="8fcd0a83-5543-4bb1-972a-1d58a3c04698" />
    <UnitTestResult executionId="8ff8460a-d446-489b-b4cb-fe69da6458ae" testId="fb655fa9-90ef-9609-b7ea-bb0547c844c1" testName="myIoTGrid.Hub.Interface.Tests.Controllers.ReadingsControllerTests.GetByNode_ReturnsOkWithReadings" computerName="MacBook-Pro" duration="00:00:00.0008205" startTime="2025-11-30T11:04:19.5687660+01:00" endTime="2025-11-30T11:04:19.5687670+01:00" testType="13cdc9d9-ddb5-4fa4-a97d-d965ccfc6d4b" outcome="Passed" testListId="8c84fa94-04c1-424b-9868-57a2d4851a1d" relativeResultsDirectory="8ff8460a-d446-489b-b4cb-fe69da6458ae" />
    <UnitTestResult executionId="bb80ba3d-1cdf-43f8-bdb4-12e1175b428e" testId="f59e5c76-c63b-a8fb-2d96-1b8057084d60" testName="myIoTGrid.Hub.Interface.Tests.Middleware.ExceptionMiddlewareTests.InvokeAsync_WithInternalError_LogsError" computerName="MacBook-Pro" duration="00:00:00.0008524" startTime="2025-11-30T11:04:19.5897090+01:00" endTime="2025-11-30T11:04:19.5897090+01:00" testType="13cdc9d9-ddb5-4fa4-a97d-d965ccfc6d4b" outcome="Passed" testListId="8c84fa94-04c1-424b-9868-57a2d4851a1d" relativeResultsDirectory="bb80ba3d-1cdf-43f8-bdb4-12e1175b428e" />
    <UnitTestResult executionId="b5a66a78-0159-43cc-84c0-b7626519555e" testId="18cacd53-d955-8a7d-0de3-f594efad8830" testName="myIoTGrid.Hub.Interface.Tests.Controllers.ReadingsControllerTests.GetFiltered_WithEmptyFilter_ReturnsOk" computerName="MacBook-Pro" duration="00:00:00.0014177" startTime="2025-11-30T11:04:19.5675190+01:00" endTime="2025-11-30T11:04:19.5675190+01:00" testType="13cdc9d9-ddb5-4fa4-a97d-d965ccfc6d4b" outcome="Passed" testListId="8c84fa94-04c1-424b-9868-57a2d4851a1d" relativeResultsDirectory="b5a66a78-0159-43cc-84c0-b7626519555e" />
    <UnitTestResult executionId="eb0aba78-917b-4c0b-a96d-fc3e3bc9ddc6" testId="66fb4f51-60e0-673b-4d21-09be02c95b5e" testName="myIoTGrid.Hub.Interface.Tests.Middleware.ExceptionMiddlewareTests.InvokeAsync_WithUnexpectedException_Returns500" computerName="MacBook-Pro" duration="00:00:00.0003943" startTime="2025-11-30T11:04:19.5885180+01:00" endTime="2025-11-30T11:04:19.5885180+01:00" testType="13cdc9d9-ddb5-4fa4-a97d-d965ccfc6d4b" outcome="Passed" testListId="8c84fa94-04c1-424b-9868-57a2d4851a1d" relativeResultsDirectory="eb0aba78-917b-4c0b-a96d-fc3e3bc9ddc6" />
    <UnitTestResult executionId="4e5cbf04-0338-449b-a92a-453c80a16400" testId="c6f3a671-28a7-fc33-53a3-812349315853" testName="myIoTGrid.Hub.Interface.Tests.Controllers.AlertsControllerTests.GetById_WithExistingAlert_ReturnsOkWithAlert" computerName="MacBook-Pro" duration="00:00:00.0048456" startTime="2025-11-30T11:04:19.5675450+01:00" endTime="2025-11-30T11:04:19.5675450+01:00" testType="13cdc9d9-ddb5-4fa4-a97d-d965ccfc6d4b" outcome="Passed" testListId="8c84fa94-04c1-424b-9868-57a2d4851a1d" relativeResultsDirectory="4e5cbf04-0338-449b-a92a-453c80a16400" />
    <UnitTestResult executionId="2e0c6c80-9583-4796-a984-16fe9422539a" testId="a3a9cba7-7377-160e-a6da-b7004325ec67" testName="myIoTGrid.Hub.Interface.Tests.Controllers.NodesControllerTests.Update_WithNonExistingNode_ReturnsNotFound" computerName="MacBook-Pro" duration="00:00:00.0007216" startTime="2025-11-30T11:04:19.5742160+01:00" endTime="2025-11-30T11:04:19.5742170+01:00" testType="13cdc9d9-ddb5-4fa4-a97d-d965ccfc6d4b" outcome="Passed" testListId="8c84fa94-04c1-424b-9868-57a2d4851a1d" relativeResultsDirectory="2e0c6c80-9583-4796-a984-16fe9422539a" />
    <UnitTestResult executionId="f936c515-cc50-4559-9b17-596ccdb51c05" testId="e51f6d97-1da7-a5ae-a365-929258e8bc63" testName="myIoTGrid.Hub.Interface.Tests.Controllers.NodesControllerTests.GetAssignmentByEndpoint_WithNonExistingAssignment_ReturnsNotFound" computerName="MacBook-Pro" duration="00:00:00.0004760" startTime="2025-11-30T11:04:19.5790150+01:00" endTime="2025-11-30T11:04:19.5790150+01:00" testType="13cdc9d9-ddb5-4fa4-a97d-d965ccfc6d4b" outcome="Passed" testListId="8c84fa94-04c1-424b-9868-57a2d4851a1d" relativeResultsDirectory="f936c515-cc50-4559-9b17-596ccdb51c05" />
    <UnitTestResult executionId="d85366b9-4e0b-4fad-b4da-b02a12952096" testId="60cd8390-1a7c-2a48-fea7-b552781ca721" testName="myIoTGrid.Hub.Interface.Tests.Middleware.ExceptionMiddlewareTests.InvokeAsync_InDevelopment_IncludesExceptionMessage" computerName="MacBook-Pro" duration="00:00:00.0002978" startTime="2025-11-30T11:04:19.5811290+01:00" endTime="2025-11-30T11:04:19.5811290+01:00" testType="13cdc9d9-ddb5-4fa4-a97d-d965ccfc6d4b" outcome="Passed" testListId="8c84fa94-04c1-424b-9868-57a2d4851a1d" relativeResultsDirectory="d85366b9-4e0b-4fad-b4da-b02a12952096" />
    <UnitTestResult executionId="0a0b3590-b1d1-4901-8e1c-b57c530dee87" testId="511b6d2b-cc30-2bbc-73e7-1b043f834e47" testName="myIoTGrid.Hub.Interface.Tests.Controllers.HubsControllerTests.Update_WithPartialData_ReturnsOk" computerName="MacBook-Pro" duration="00:00:00.0012884" startTime="2025-11-30T11:04:19.5683700+01:00" endTime="2025-11-30T11:04:19.5683700+01:00" testType="13cdc9d9-ddb5-4fa4-a97d-d965ccfc6d4b" outcome="Passed" testListId="8c84fa94-04c1-424b-9868-57a2d4851a1d" relativeResultsDirectory="0a0b3590-b1d1-4901-8e1c-b57c530dee87" />
    <UnitTestResult executionId="2ee853f0-cb26-4db1-adc4-d132d227f090" testId="9d2ae806-e681-24bc-a6c0-bf58d9490d0d" testName="myIoTGrid.Hub.Interface.Tests.Middleware.ExceptionMiddlewareTests.InvokeAsync_IncludesTypeUrl" computerName="MacBook-Pro" duration="00:00:00.0003370" startTime="2025-11-30T11:04:19.5888560+01:00" endTime="2025-11-30T11:04:19.5888560+01:00" testType="13cdc9d9-ddb5-4fa4-a97d-d965ccfc6d4b" outcome="Passed" testListId="8c84fa94-04c1-424b-9868-57a2d4851a1d" relativeResultsDirectory="2ee853f0-cb26-4db1-adc4-d132d227f090" />
    <UnitTestResult executionId="bb62642c-1b04-4352-a50a-5d26b1a5a603" testId="11478243-ef99-5698-bf71-117de7d62ad2" testName="myIoTGrid.Hub.Interface.Tests.Controllers.ReadingsControllerTests.GetById_WithExistingReading_ReturnsOkWithReading" computerName="MacBook-Pro" duration="00:00:00.0010376" startTime="2025-11-30T11:04:19.5685890+01:00" endTime="2025-11-30T11:04:19.5685890+01:00" testType="13cdc9d9-ddb5-4fa4-a97d-d965ccfc6d4b" outcome="Passed" testListId="8c84fa94-04c1-424b-9868-57a2d4851a1d" relativeResultsDirectory="bb62642c-1b04-4352-a50a-5d26b1a5a603" />
    <UnitTestResult executionId="e2aef270-c4ad-4103-a998-f2737de7bd35" testId="7fa64632-75e9-d4cf-a597-0e3307260303" testName="myIoTGrid.Hub.Interface.Tests.Controllers.NodesControllerTests.Create_WithoutHubIdOrIdentifier_ReturnsBadRequest" computerName="MacBook-Pro" duration="00:00:00.0420347" startTime="2025-11-30T11:04:19.5682130+01:00" endTime="2025-11-30T11:04:19.5682130+01:00" testType="13cdc9d9-ddb5-4fa4-a97d-d965ccfc6d4b" outcome="Passed" testListId="8c84fa94-04c1-424b-9868-57a2d4851a1d" relativeResultsDirectory="e2aef270-c4ad-4103-a998-f2737de7bd35" />
    <UnitTestResult executionId="38006a9c-c5c1-438e-a732-ff92d1b81332" testId="ea1a4f9d-45f6-95d5-bbd9-b0f7fb92ba76" testName="myIoTGrid.Hub.Interface.Tests.Middleware.ExceptionMiddlewareTests.InvokeAsync_InProduction_HidesExceptionMessage" computerName="MacBook-Pro" duration="00:00:00.0007364" startTime="2025-11-30T11:04:19.5792860+01:00" endTime="2025-11-30T11:04:19.5792860+01:00" testType="13cdc9d9-ddb5-4fa4-a97d-d965ccfc6d4b" outcome="Passed" testListId="8c84fa94-04c1-424b-9868-57a2d4851a1d" relativeResultsDirectory="38006a9c-c5c1-438e-a732-ff92d1b81332" />
    <UnitTestResult executionId="b108c18d-9979-4b6f-bf15-7457d6aee04b" testId="0d4b0835-ce5e-f01a-b218-90a7fc8d5c3f" testName="myIoTGrid.Hub.Interface.Tests.Middleware.ExceptionMiddlewareTests.InvokeAsync_SetsContentTypeToApplicationProblemJson" computerName="MacBook-Pro" duration="00:00:00.0003142" startTime="2025-11-30T11:04:19.5801070+01:00" endTime="2025-11-30T11:04:19.5801070+01:00" testType="13cdc9d9-ddb5-4fa4-a97d-d965ccfc6d4b" outcome="Passed" testListId="8c84fa94-04c1-424b-9868-57a2d4851a1d" relativeResultsDirectory="b108c18d-9979-4b6f-bf15-7457d6aee04b" />
    <UnitTestResult executionId="b01c37d5-dbed-4a94-b846-4571c1956309" testId="7e1583ef-026e-104f-e1cc-14d0033df886" testName="myIoTGrid.Hub.Interface.Tests.Middleware.ExceptionMiddlewareTests.InvokeAsync_WithArgumentException_Returns400" computerName="MacBook-Pro" duration="00:00:00.0004699" startTime="2025-11-30T11:04:19.5797760+01:00" endTime="2025-11-30T11:04:19.5797760+01:00" testType="13cdc9d9-ddb5-4fa4-a97d-d965ccfc6d4b" outcome="Passed" testListId="8c84fa94-04c1-424b-9868-57a2d4851a1d" relativeResultsDirectory="b01c37d5-dbed-4a94-b846-4571c1956309" />
    <UnitTestResult executionId="e9795c45-c088-4996-8703-f1accfa97352" testId="3d15f196-999d-a0d4-b8d4-d6707f4fef3f" testName="myIoTGrid.Hub.Interface.Tests.Controllers.AlertsControllerTests.ReceiveFromCloud_WithoutNodeId_ReturnsCreatedAtAction" computerName="MacBook-Pro" duration="00:00:00.0015088" startTime="2025-11-30T11:04:19.5675050+01:00" endTime="2025-11-30T11:04:19.5675050+01:00" testType="13cdc9d9-ddb5-4fa4-a97d-d965ccfc6d4b" outcome="Passed" testListId="8c84fa94-04c1-424b-9868-57a2d4851a1d" relativeResultsDirectory="e9795c45-c088-4996-8703-f1accfa97352" />
    <UnitTestResult executionId="cc5198a8-eed3-4b81-b7f1-51e83afdd206" testId="12cc7b61-4170-fffe-8678-fc1f6c83b3c4" testName="myIoTGrid.Hub.Interface.Tests.Controllers.AlertsControllerTests.GetById_WithNonExistingAlert_ReturnsNotFound" computerName="MacBook-Pro" duration="00:00:00.0014380" startTime="2025-11-30T11:04:19.5683560+01:00" endTime="2025-11-30T11:04:19.5683560+01:00" testType="13cdc9d9-ddb5-4fa4-a97d-d965ccfc6d4b" outcome="Passed" testListId="8c84fa94-04c1-424b-9868-57a2d4851a1d" relativeResultsDirectory="cc5198a8-eed3-4b81-b7f1-51e83afdd206" />
    <UnitTestResult executionId="629d30db-f578-41b8-a6b6-df42a6bc7044" testId="d1ef942b-6067-269c-5773-d8f4e7a43520" testName="myIoTGrid.Hub.Interface.Tests.Middleware.TenantMiddlewareTests.InvokeAsync_WithoutTenantIdHeader_UsesDefaultTenant" computerName="MacBook-Pro" duration="00:00:00.0006389" startTime="2025-11-30T11:04:19.5689240+01:00" endTime="2025-11-30T11:04:19.5689240+01:00" testType="13cdc9d9-ddb5-4fa4-a97d-d965ccfc6d4b" outcome="Passed" testListId="8c84fa94-04c1-424b-9868-57a2d4851a1d" relativeResultsDirectory="629d30db-f578-41b8-a6b6-df42a6bc7044" />
    <UnitTestResult executionId="db8b8f78-6a2a-4608-87ac-9d71edc14b48" testId="d4a99558-5346-f840-b5c9-1f7d61b68c66" testName="myIoTGrid.Hub.Interface.Tests.Controllers.AlertsControllerTests.Acknowledge_WithExistingAlert_ReturnsOkWithAcknowledgedAlert" computerName="MacBook-Pro" duration="00:00:00.0010173" startTime="2025-11-30T11:04:19.5685820+01:00" endTime="2025-11-30T11:04:19.5685820+01:00" testType="13cdc9d9-ddb5-4fa4-a97d-d965ccfc6d4b" outcome="Passed" testListId="8c84fa94-04c1-424b-9868-57a2d4851a1d" relativeResultsDirectory="db8b8f78-6a2a-4608-87ac-9d71edc14b48" />
    <UnitTestResult executionId="4ebce8ea-bf6e-438c-b209-e4d19138e865" testId="a2247310-2224-93cb-e8de-7439eee9bf07" testName="myIoTGrid.Hub.Interface.Tests.Controllers.NodesControllerTests.UpdateStatus_WithExistingNode_ReturnsNoContent" computerName="MacBook-Pro" duration="00:00:00.0047994" startTime="2025-11-30T11:04:19.5689470+01:00" endTime="2025-11-30T11:04:19.5689470+01:00" testType="13cdc9d9-ddb5-4fa4-a97d-d965ccfc6d4b" outcome="Passed" testListId="8c84fa94-04c1-424b-9868-57a2d4851a1d" relativeResultsDirectory="4ebce8ea-bf6e-438c-b209-e4d19138e865" />
    <UnitTestResult executionId="7abf67cb-6971-4b56-b15c-1d0db4e36576" testId="17c631ba-9a00-f960-f8a1-8913590b217b" testName="myIoTGrid.Hub.Interface.Tests.Middleware.ExceptionMiddlewareTests.InvokeAsync_InProduction_DoesNotIncludeStackTrace" computerName="MacBook-Pro" duration="00:00:00.0005107" startTime="2025-11-30T11:04:19.5880870+01:00" endTime="2025-11-30T11:04:19.5880870+01:00" testType="13cdc9d9-ddb5-4fa4-a97d-d965ccfc6d4b" outcome="Passed" testListId="8c84fa94-04c1-424b-9868-57a2d4851a1d" relativeResultsDirectory="7abf67cb-6971-4b56-b15c-1d0db4e36576" />
    <UnitTestResult executionId="bda31855-ac97-4046-8c6e-36e2269a4801" testId="39fc8d95-a4f2-6120-8709-5d1e7b8ed178" testName="myIoTGrid.Hub.Interface.Tests.Controllers.HubsControllerTests.GetNodes_ReturnsOkWithNodes" computerName="MacBook-Pro" duration="00:00:00.0012108" startTime="2025-11-30T11:04:19.5685700+01:00" endTime="2025-11-30T11:04:19.5685700+01:00" testType="13cdc9d9-ddb5-4fa4-a97d-d965ccfc6d4b" outcome="Passed" testListId="8c84fa94-04c1-424b-9868-57a2d4851a1d" relativeResultsDirectory="bda31855-ac97-4046-8c6e-36e2269a4801" />
    <UnitTestResult executionId="2c0ea048-3937-4f18-9281-7c1ed4feda7d" testId="977eabeb-3666-4b78-c0e3-e376197e87d2" testName="myIoTGrid.Hub.Interface.Tests.Middleware.TenantMiddlewareTests.InvokeAsync_WithTenantIdHeader_UsesTenantFromHeader" computerName="MacBook-Pro" duration="00:00:00.0008372" startTime="2025-11-30T11:04:19.5687950+01:00" endTime="2025-11-30T11:04:19.5687950+01:00" testType="13cdc9d9-ddb5-4fa4-a97d-d965ccfc6d4b" outcome="Passed" testListId="8c84fa94-04c1-424b-9868-57a2d4851a1d" relativeResultsDirectory="2c0ea048-3937-4f18-9281-7c1ed4feda7d" />
    <UnitTestResult executionId="43a9705c-ca42-41de-be5e-e6868da45cb7" testId="d5da3df5-46e8-505e-4875-8cd24a3062af" testName="myIoTGrid.Hub.Interface.Tests.Middleware.ExceptionMiddlewareTests.InvokeAsync_InDevelopment_WithInternalError_IncludesStackTrace" computerName="MacBook-Pro" duration="00:00:00.0037817" startTime="2025-11-30T11:04:19.5849250+01:00" endTime="2025-11-30T11:04:19.5849250+01:00" testType="13cdc9d9-ddb5-4fa4-a97d-d965ccfc6d4b" outcome="Passed" testListId="8c84fa94-04c1-424b-9868-57a2d4851a1d" relativeResultsDirectory="43a9705c-ca42-41de-be5e-e6868da45cb7" />
    <UnitTestResult executionId="eb102e93-9475-43a8-87ef-f3464b8f1eb1" testId="ca24ffc3-e9d2-84e3-6463-138c21188ff6" testName="myIoTGrid.Hub.Interface.Tests.Controllers.ReadingsControllerTests.GetLatestByNode_ReturnsOkWithReadings" computerName="MacBook-Pro" duration="00:00:00.0010172" startTime="2025-11-30T11:04:19.5685570+01:00" endTime="2025-11-30T11:04:19.5685570+01:00" testType="13cdc9d9-ddb5-4fa4-a97d-d965ccfc6d4b" outcome="Passed" testListId="8c84fa94-04c1-424b-9868-57a2d4851a1d" relativeResultsDirectory="eb102e93-9475-43a8-87ef-f3464b8f1eb1" />
    <UnitTestResult executionId="941f5f39-3e10-4125-b13b-cdf03c4b2c58" testId="6475abcf-b332-dbb4-b4ac-0657c374b12f" testName="myIoTGrid.Hub.Interface.Tests.Controllers.NodesControllerTests.Update_WithExistingNode_ReturnsOkWithNode" computerName="MacBook-Pro" duration="00:00:00.0029566" startTime="2025-11-30T11:04:19.5685440+01:00" endTime="2025-11-30T11:04:19.5685440+01:00" testType="13cdc9d9-ddb5-4fa4-a97d-d965ccfc6d4b" outcome="Passed" testListId="8c84fa94-04c1-424b-9868-57a2d4851a1d" relativeResultsDirectory="941f5f39-3e10-4125-b13b-cdf03c4b2c58" />
    <UnitTestResult executionId="5d6ee012-d9da-44c6-b752-5ef6f552982a" testId="57ef9bb9-6e66-0d19-4600-5ce2098646ee" testName="myIoTGrid.Hub.Interface.Tests.Controllers.HubsControllerTests.GetAll_WithNoHubs_ReturnsOkWithEmptyList" computerName="MacBook-Pro" duration="00:00:00.0011193" startTime="2025-11-30T11:04:19.5683420+01:00" endTime="2025-11-30T11:04:19.5683420+01:00" testType="13cdc9d9-ddb5-4fa4-a97d-d965ccfc6d4b" outcome="Passed" testListId="8c84fa94-04c1-424b-9868-57a2d4851a1d" relativeResultsDirectory="5d6ee012-d9da-44c6-b752-5ef6f552982a" />
    <UnitTestResult executionId="ae49c2dc-0ec5-49ce-b79d-36f1d3094bc2" testId="3ea90265-1379-1af4-630f-8cbee1fe79be" testName="myIoTGrid.Hub.Interface.Tests.Middleware.ExceptionMiddlewareTests.InvokeAsync_WithBadRequest_LogsWarning" computerName="MacBook-Pro" duration="00:00:00.0025653" startTime="2025-11-30T11:04:19.5875450+01:00" endTime="2025-11-30T11:04:19.5875450+01:00" testType="13cdc9d9-ddb5-4fa4-a97d-d965ccfc6d4b" outcome="Passed" testListId="8c84fa94-04c1-424b-9868-57a2d4851a1d" relativeResultsDirectory="ae49c2dc-0ec5-49ce-b79d-36f1d3094bc2" />
    <UnitTestResult executionId="80fecdfb-ee30-47c8-a408-8a7a2d625e03" testId="2479373c-a76d-7354-16f3-190210a45943" testName="myIoTGrid.Hub.Interface.Tests.Controllers.HubsControllerTests.GetById_WithNonExistingHub_ReturnsNotFound" computerName="MacBook-Pro" duration="00:00:00.0012862" startTime="2025-11-30T11:04:19.5674880+01:00" endTime="2025-11-30T11:04:19.5674880+01:00" testType="13cdc9d9-ddb5-4fa4-a97d-d965ccfc6d4b" outcome="Passed" testListId="8c84fa94-04c1-424b-9868-57a2d4851a1d" relativeResultsDirectory="80fecdfb-ee30-47c8-a408-8a7a2d625e03" />
    <UnitTestResult executionId="5c895af1-b772-4a00-abbb-aec1efeb061f" testId="59f65c9d-3b2d-a3c5-c209-7e648347d1fd" testName="myIoTGrid.Hub.Interface.Tests.Controllers.ReadingsControllerTests.GetById_WithNonExistingReading_ReturnsNotFound" computerName="MacBook-Pro" duration="00:00:00.0007225" startTime="2025-11-30T11:04:19.5674230+01:00" endTime="2025-11-30T11:04:19.5674230+01:00" testType="13cdc9d9-ddb5-4fa4-a97d-d965ccfc6d4b" outcome="Passed" testListId="8c84fa94-04c1-424b-9868-57a2d4851a1d" relativeResultsDirectory="5c895af1-b772-4a00-abbb-aec1efeb061f" />
    <UnitTestResult executionId="ff8c22ad-d026-48dc-8357-362febef86d5" testId="6646cd47-6c80-327d-b739-3819f72fc820" testName="myIoTGrid.Hub.Interface.Tests.Controllers.HubsControllerTests.Update_WithNonExistingHub_ReturnsNotFound" computerName="MacBook-Pro" duration="00:00:00.0009649" startTime="2025-11-30T11:04:19.5689020+01:00" endTime="2025-11-30T11:04:19.5689020+01:00" testType="13cdc9d9-ddb5-4fa4-a97d-d965ccfc6d4b" outcome="Passed" testListId="8c84fa94-04c1-424b-9868-57a2d4851a1d" relativeResultsDirectory="ff8c22ad-d026-48dc-8357-362febef86d5" />
    <UnitTestResult executionId="58075bcc-8d61-4602-812f-75a6634094ab" testId="344101bb-2215-8bfb-077b-662535c368f5" testName="myIoTGrid.Hub.Interface.Tests.Controllers.NodesControllerTests.GetById_WithExistingNode_ReturnsOkWithNode" computerName="MacBook-Pro" duration="00:00:00.0005217" startTime="2025-11-30T11:04:19.5785220+01:00" endTime="2025-11-30T11:04:19.5785220+01:00" testType="13cdc9d9-ddb5-4fa4-a97d-d965ccfc6d4b" outcome="Passed" testListId="8c84fa94-04c1-424b-9868-57a2d4851a1d" relativeResultsDirectory="58075bcc-8d61-4602-812f-75a6634094ab" />
    <UnitTestResult executionId="f47b7550-f74e-4776-8061-b1227ef3fb8f" testId="05ff67e8-9991-b0cb-67c7-5267d9045fe4" testName="myIoTGrid.Hub.Interface.Tests.Middleware.TenantMiddlewareTests.InvokeAsync_CallsNextMiddleware" computerName="MacBook-Pro" duration="00:00:00.0004986" startTime="2025-11-30T11:04:19.5687530+01:00" endTime="2025-11-30T11:04:19.5687530+01:00" testType="13cdc9d9-ddb5-4fa4-a97d-d965ccfc6d4b" outcome="Passed" testListId="8c84fa94-04c1-424b-9868-57a2d4851a1d" relativeResultsDirectory="f47b7550-f74e-4776-8061-b1227ef3fb8f" />
    <UnitTestResult executionId="d9a3cc44-2a43-4ea0-82b7-5d211ccbf735" testId="0abd93e0-31dd-01b8-0ceb-693fbb64d80c" testName="myIoTGrid.Hub.Interface.Tests.Controllers.NodesControllerTests.Register_WithHubId_ReturnsOkWithNode" computerName="MacBook-Pro" duration="00:00:00.0008884" startTime="2025-11-30T11:04:19.5761640+01:00" endTime="2025-11-30T11:04:19.5761640+01:00" testType="13cdc9d9-ddb5-4fa4-a97d-d965ccfc6d4b" outcome="Passed" testListId="8c84fa94-04c1-424b-9868-57a2d4851a1d" relativeResultsDirectory="d9a3cc44-2a43-4ea0-82b7-5d211ccbf735" />
    <UnitTestResult executionId="44488eba-de60-43a4-bca4-c52a733982f8" testId="d87c36ee-b752-b703-b6a7-9ec7a063231b" testName="myIoTGrid.Hub.Interface.Tests.Controllers.HubsControllerTests.Create_WithMinimalData_ReturnsCreatedAtAction" computerName="MacBook-Pro" duration="00:00:00.0012059" startTime="2025-11-30T11:04:19.5675320+01:00" endTime="2025-11-30T11:04:19.5675320+01:00" testType="13cdc9d9-ddb5-4fa4-a97d-d965ccfc6d4b" outcome="Passed" testListId="8c84fa94-04c1-424b-9868-57a2d4851a1d" relativeResultsDirectory="44488eba-de60-43a4-bca4-c52a733982f8" />
    <UnitTestResult executionId="f8a0c435-45fe-4ec4-9974-1f3ea4883517" testId="94c11a4a-6117-5c8e-5f1e-6284654be08c" testName="myIoTGrid.Hub.Interface.Tests.Controllers.NodesControllerTests.GetAssignmentByEndpoint_WithExistingAssignment_ReturnsOk" computerName="MacBook-Pro" duration="00:00:00.0013864" startTime="2025-11-30T11:04:19.5702500+01:00" endTime="2025-11-30T11:04:19.5702500+01:00" testType="13cdc9d9-ddb5-4fa4-a97d-d965ccfc6d4b" outcome="Passed" testListId="8c84fa94-04c1-424b-9868-57a2d4851a1d" relativeResultsDirectory="f8a0c435-45fe-4ec4-9974-1f3ea4883517" />
    <UnitTestResult executionId="3d147677-5021-4885-b49f-ebb582d51a55" testId="c47c63b2-186d-2054-d0fc-73dcae2e07b9" testName="myIoTGrid.Hub.Interface.Tests.Controllers.AlertsControllerTests.ReceiveFromCloud_WithCriticalLevel_ReturnsCreatedAtAction" computerName="MacBook-Pro" duration="00:00:00.0005403" startTime="2025-11-30T11:04:19.5682000+01:00" endTime="2025-11-30T11:04:19.5682000+01:00" testType="13cdc9d9-ddb5-4fa4-a97d-d965ccfc6d4b" outcome="Passed" testListId="8c84fa94-04c1-424b-9868-57a2d4851a1d" relativeResultsDirectory="3d147677-5021-4885-b49f-ebb582d51a55" />
    <UnitTestResult executionId="865f7303-e4db-4d2c-977a-6a8a6ebe44f4" testId="ffbac31f-21f0-1fe5-5290-76042970f8a0" testName="myIoTGrid.Hub.Interface.Tests.Controllers.NodesControllerTests.GetAll_WithEmptyResult_ReturnsOkWithEmptyList" computerName="MacBook-Pro" duration="00:00:00.0009168" startTime="2025-11-30T11:04:19.5689810+01:00" endTime="2025-11-30T11:04:19.5689810+01:00" testType="13cdc9d9-ddb5-4fa4-a97d-d965ccfc6d4b" outcome="Passed" testListId="8c84fa94-04c1-424b-9868-57a2d4851a1d" relativeResultsDirectory="865f7303-e4db-4d2c-977a-6a8a6ebe44f4" />
    <UnitTestResult executionId="adac481f-f4f5-4c9f-8278-841224d75df6" testId="ae52e8f1-a789-f60d-88b2-3721a1780e02" testName="myIoTGrid.Hub.Interface.Tests.Controllers.NodesControllerTests.GetAll_ReturnsOkWithNodes" computerName="MacBook-Pro" duration="00:00:00.0004996" startTime="2025-11-30T11:04:19.5772820+01:00" endTime="2025-11-30T11:04:19.5772820+01:00" testType="13cdc9d9-ddb5-4fa4-a97d-d965ccfc6d4b" outcome="Passed" testListId="8c84fa94-04c1-424b-9868-57a2d4851a1d" relativeResultsDirectory="adac481f-f4f5-4c9f-8278-841224d75df6" />
    <UnitTestResult executionId="1987829e-ac9e-4db5-ba53-2b6bce826199" testId="12d19546-afd7-bd98-4121-311bb05d9bbb" testName="myIoTGrid.Hub.Interface.Tests.Controllers.ReadingsControllerTests.GetFiltered_ReturnsOkWithPaginatedResult" computerName="MacBook-Pro" duration="00:00:00.0048075" startTime="2025-11-30T11:04:19.5681130+01:00" endTime="2025-11-30T11:04:19.5681130+01:00" testType="13cdc9d9-ddb5-4fa4-a97d-d965ccfc6d4b" outcome="Passed" testListId="8c84fa94-04c1-424b-9868-57a2d4851a1d" relativeResultsDirectory="1987829e-ac9e-4db5-ba53-2b6bce826199" />
    <UnitTestResult executionId="f409cced-1f04-47d7-848a-063aa6118c9e" testId="f4bcf280-e92a-0e0e-c3d1-aac6536bce67" testName="myIoTGrid.Hub.Interface.Tests.Controllers.NodesControllerTests.Delete_WithNonExistingNode_ReturnsNotFound" computerName="MacBook-Pro" duration="00:00:00.0013772" startTime="2025-11-30T11:04:19.5686970+01:00" endTime="2025-11-30T11:04:19.5686970+01:00" testType="13cdc9d9-ddb5-4fa4-a97d-d965ccfc6d4b" outcome="Passed" testListId="8c84fa94-04c1-424b-9868-57a2d4851a1d" relativeResultsDirectory="f409cced-1f04-47d7-848a-063aa6118c9e" />
    <UnitTestResult executionId="7537c6df-9062-4c56-8def-39ce644994a2" testId="b658f556-fd43-86e9-8f6d-ea8f239ee96a" testName="myIoTGrid.Hub.Interface.Tests.Controllers.ReadingsControllerTests.GetLatest_WithNoReadings_ReturnsOkWithEmptyList" computerName="MacBook-Pro" duration="00:00:00.0014544" startTime="2025-11-30T11:04:19.5492920+01:00" endTime="2025-11-30T11:04:19.5492920+01:00" testType="13cdc9d9-ddb5-4fa4-a97d-d965ccfc6d4b" outcome="Passed" testListId="8c84fa94-04c1-424b-9868-57a2d4851a1d" relativeResultsDirectory="7537c6df-9062-4c56-8def-39ce644994a2" />
    <UnitTestResult executionId="5704916d-0433-40e2-bd20-16185dd051bd" testId="1f8941e9-d1e7-26fa-448d-d04f8e416d11" testName="myIoTGrid.Hub.Interface.Tests.Middleware.ExceptionMiddlewareTests.InvokeAsync_WithKeyNotFoundException_Returns404" computerName="MacBook-Pro" duration="00:00:00.0003260" startTime="2025-11-30T11:04:19.5804760+01:00" endTime="2025-11-30T11:04:19.5804760+01:00" testType="13cdc9d9-ddb5-4fa4-a97d-d965ccfc6d4b" outcome="Passed" testListId="8c84fa94-04c1-424b-9868-57a2d4851a1d" relativeResultsDirectory="5704916d-0433-40e2-bd20-16185dd051bd" />
    <UnitTestResult executionId="0a17bfdc-0140-4e54-a520-9482003b42db" testId="82e9ae91-6094-cfe2-ecca-ad5b3f47d6f5" testName="myIoTGrid.Hub.Interface.Tests.Controllers.NodesControllerTests.Register_WithHubIdentifier_LooksUpHubAndReturnsOk" computerName="MacBook-Pro" duration="00:00:00.0007100" startTime="2025-11-30T11:04:19.5779810+01:00" endTime="2025-11-30T11:04:19.5779810+01:00" testType="13cdc9d9-ddb5-4fa4-a97d-d965ccfc6d4b" outcome="Passed" testListId="8c84fa94-04c1-424b-9868-57a2d4851a1d" relativeResultsDirectory="0a17bfdc-0140-4e54-a520-9482003b42db" />
    <UnitTestResult executionId="65005244-5307-4c1f-995b-b83c49c82878" testId="2a25f420-eff7-5474-a072-ff5c3d9b583a" testName="myIoTGrid.Hub.Interface.Tests.Middleware.ExceptionMiddlewareTests.InvokeAsync_WithInvalidOperationException_Returns400" computerName="MacBook-Pro" duration="00:00:00.0005058" startTime="2025-11-30T11:04:19.5905580+01:00" endTime="2025-11-30T11:04:19.5905580+01:00" testType="13cdc9d9-ddb5-4fa4-a97d-d965ccfc6d4b" outcome="Passed" testListId="8c84fa94-04c1-424b-9868-57a2d4851a1d" relativeResultsDirectory="65005244-5307-4c1f-995b-b83c49c82878" />
    <UnitTestResult executionId="3bda34b0-c74d-49a5-bfa3-9ba94610496e" testId="f6ce1302-ae10-3ad3-ed32-940a3e1a627e" testName="myIoTGrid.Hub.Interface.Tests.Controllers.NodesControllerTests.Delete_WithExistingNode_ReturnsNoContent" computerName="MacBook-Pro" duration="00:00:00.0004934" startTime="2025-11-30T11:04:19.5734400+01:00" endTime="2025-11-30T11:04:19.5734400+01:00" testType="13cdc9d9-ddb5-4fa4-a97d-d965ccfc6d4b" outcome="Passed" testListId="8c84fa94-04c1-424b-9868-57a2d4851a1d" relativeResultsDirectory="3bda34b0-c74d-49a5-bfa3-9ba94610496e" />
    <UnitTestResult executionId="fbec70fa-6ca9-47f8-857b-e9a1505d886d" testId="594ae069-ad42-d85e-b6fd-bc73ce23141b" testName="myIoTGrid.Hub.Interface.Tests.Controllers.NodesControllerTests.GetById_WithNonExistingNode_ReturnsNotFound" computerName="MacBook-Pro" duration="00:00:00.0007549" startTime="2025-11-30T11:04:19.5689690+01:00" endTime="2025-11-30T11:04:19.5689690+01:00" testType="13cdc9d9-ddb5-4fa4-a97d-d965ccfc6d4b" outcome="Passed" testListId="8c84fa94-04c1-424b-9868-57a2d4851a1d" relativeResultsDirectory="fbec70fa-6ca9-47f8-857b-e9a1505d886d" />
    <UnitTestResult executionId="d7b69f90-514a-43dd-a028-ce8205671d4f" testId="d5642fc0-c622-a5fa-41d0-e246cb50b4bc" testName="myIoTGrid.Hub.Interface.Tests.Middleware.TenantMiddlewareTests.InvokeAsync_WithMultipleTenantIdHeaders_UsesFirst" computerName="MacBook-Pro" duration="00:00:00.0441601" startTime="2025-11-30T11:04:19.5684090+01:00" endTime="2025-11-30T11:04:19.5684090+01:00" testType="13cdc9d9-ddb5-4fa4-a97d-d965ccfc6d4b" outcome="Passed" testListId="8c84fa94-04c1-424b-9868-57a2d4851a1d" relativeResultsDirectory="d7b69f90-514a-43dd-a028-ce8205671d4f" />
    <UnitTestResult executionId="633a3aac-2c75-409e-9767-b491d504ebd8" testId="3dcd01e3-2cbe-8e5b-a588-cb11fd8d3169" testName="myIoTGrid.Hub.Interface.Tests.Controllers.NodesControllerTests.Create_WithValidData_ReturnsCreatedAtAction" computerName="MacBook-Pro" duration="00:00:00.0005199" startTime="2025-11-30T11:04:19.5729690+01:00" endTime="2025-11-30T11:04:19.5729690+01:00" testType="13cdc9d9-ddb5-4fa4-a97d-d965ccfc6d4b" outcome="Passed" testListId="8c84fa94-04c1-424b-9868-57a2d4851a1d" relativeResultsDirectory="633a3aac-2c75-409e-9767-b491d504ebd8" />
    <UnitTestResult executionId="3d97a9aa-201d-47d3-87c9-4f946cd1c54b" testId="0931963d-d84c-7a60-c75d-50fe95317dcd" testName="myIoTGrid.Hub.Interface.Tests.Controllers.AlertsControllerTests.ReceiveFromCloud_WithValidData_ReturnsCreatedAtAction" computerName="MacBook-Pro" duration="00:00:00.0005051" startTime="2025-11-30T11:04:19.5685320+01:00" endTime="2025-11-30T11:04:19.5685320+01:00" testType="13cdc9d9-ddb5-4fa4-a97d-d965ccfc6d4b" outcome="Passed" testListId="8c84fa94-04c1-424b-9868-57a2d4851a1d" relativeResultsDirectory="3d97a9aa-201d-47d3-87c9-4f946cd1c54b" />
    <UnitTestResult executionId="f02f700a-49d1-4dce-9f48-f81d57ef603a" testId="c093e481-8368-41fb-cf1d-ad9f6332889a" testName="myIoTGrid.Hub.Interface.Tests.Controllers.HubsControllerTests.GetById_WithExistingHub_ReturnsOkWithHub" computerName="MacBook-Pro" duration="00:00:00.0008895" startTime="2025-11-30T11:04:19.5685180+01:00" endTime="2025-11-30T11:04:19.5685180+01:00" testType="13cdc9d9-ddb5-4fa4-a97d-d965ccfc6d4b" outcome="Passed" testListId="8c84fa94-04c1-424b-9868-57a2d4851a1d" relativeResultsDirectory="f02f700a-49d1-4dce-9f48-f81d57ef603a" />
    <UnitTestResult executionId="1bf2b968-515a-4829-832d-398bdb7ca4c7" testId="58b17ac4-eebb-7851-8c05-50b0d874c73b" testName="myIoTGrid.Hub.Interface.Tests.Controllers.NodesControllerTests.UpdateStatus_WithNonExistingNode_ReturnsNotFound" computerName="MacBook-Pro" duration="00:00:00.0007079" startTime="2025-11-30T11:04:19.5724000+01:00" endTime="2025-11-30T11:04:19.5724000+01:00" testType="13cdc9d9-ddb5-4fa4-a97d-d965ccfc6d4b" outcome="Passed" testListId="8c84fa94-04c1-424b-9868-57a2d4851a1d" relativeResultsDirectory="1bf2b968-515a-4829-832d-398bdb7ca4c7" />
    <UnitTestResult executionId="b1dbe1ef-a9b6-450c-a5b5-b819440247d3" testId="6d5609cb-9f06-e386-d910-8beab31bc2d2" testName="myIoTGrid.Hub.Interface.Tests.Controllers.HubsControllerTests.GetAll_ReturnsOkWithHubs" computerName="MacBook-Pro" duration="00:00:00.0009423" startTime="2025-11-30T11:04:19.5687760+01:00" endTime="2025-11-30T11:04:19.5687760+01:00" testType="13cdc9d9-ddb5-4fa4-a97d-d965ccfc6d4b" outcome="Passed" testListId="8c84fa94-04c1-424b-9868-57a2d4851a1d" relativeResultsDirectory="b1dbe1ef-a9b6-450c-a5b5-b819440247d3" />
    <UnitTestResult executionId="17946c28-4b64-4b45-afdb-7e3705db46f1" testId="d5bd9c7a-e69d-1f3f-f3b1-84378cd126e4" testName="myIoTGrid.Hub.Interface.Tests.Controllers.NodesControllerTests.GetAssignments_WithNoAssignments_ReturnsEmptyList" computerName="MacBook-Pro" duration="00:00:00.0010261" startTime="2025-11-30T11:04:19.5752610+01:00" endTime="2025-11-30T11:04:19.5752610+01:00" testType="13cdc9d9-ddb5-4fa4-a97d-d965ccfc6d4b" outcome="Passed" testListId="8c84fa94-04c1-424b-9868-57a2d4851a1d" relativeResultsDirectory="17946c28-4b64-4b45-afdb-7e3705db46f1" />
    <UnitTestResult executionId="1b690ec4-bf8d-435b-9960-b80103b0b580" testId="33be1c92-cd3a-12e6-1df1-4f5b35303817" testName="myIoTGrid.Hub.Interface.Tests.Middleware.ExceptionMiddlewareTests.InvokeAsync_IncludesRequestPath" computerName="MacBook-Pro" duration="00:00:00.0003394" startTime="2025-11-30T11:04:19.5808470+01:00" endTime="2025-11-30T11:04:19.5808470+01:00" testType="13cdc9d9-ddb5-4fa4-a97d-d965ccfc6d4b" outcome="Passed" testListId="8c84fa94-04c1-424b-9868-57a2d4851a1d" relativeResultsDirectory="1b690ec4-bf8d-435b-9960-b80103b0b580" />
  </Results>
  <TestDefinitions>
    <UnitTest name="myIoTGrid.Hub.Interface.Tests.Middleware.ExceptionMiddlewareTests.InvokeAsync_IncludesRequestPath" storage="/users/frankbersch/riderprojects/myiotgrid/myiotgrid.hub/myiotgrid.hub.backend/tests/myiotgrid.hub.interface.tests/bin/debug/net10.0/myiotgrid.hub.interface.tests.dll" id="33be1c92-cd3a-12e6-1df1-4f5b35303817">
      <Execution id="1b690ec4-bf8d-435b-9960-b80103b0b580" />
      <TestMethod codeBase="/Users/frankbersch/RiderProjects/myIoTGrid/myIoTGrid.Hub/myIoTGrid.Hub.Backend/tests/myIoTGrid.Hub.Interface.Tests/bin/Debug/net10.0/myIoTGrid.Hub.Interface.Tests.dll" adapterTypeName="executor://xunit/VsTestRunner2/netcoreapp" className="myIoTGrid.Hub.Interface.Tests.Middleware.ExceptionMiddlewareTests" name="InvokeAsync_IncludesRequestPath" />
    </UnitTest>
    <UnitTest name="myIoTGrid.Hub.Interface.Tests.Middleware.TenantMiddlewareTests.InvokeAsync_WithTenantIdHeader_UsesTenantFromHeader" storage="/users/frankbersch/riderprojects/myiotgrid/myiotgrid.hub/myiotgrid.hub.backend/tests/myiotgrid.hub.interface.tests/bin/debug/net10.0/myiotgrid.hub.interface.tests.dll" id="977eabeb-3666-4b78-c0e3-e376197e87d2">
      <Execution id="2c0ea048-3937-4f18-9281-7c1ed4feda7d" />
      <TestMethod codeBase="/Users/frankbersch/RiderProjects/myIoTGrid/myIoTGrid.Hub/myIoTGrid.Hub.Backend/tests/myIoTGrid.Hub.Interface.Tests/bin/Debug/net10.0/myIoTGrid.Hub.Interface.Tests.dll" adapterTypeName="executor://xunit/VsTestRunner2/netcoreapp" className="myIoTGrid.Hub.Interface.Tests.Middleware.TenantMiddlewareTests" name="InvokeAsync_WithTenantIdHeader_UsesTenantFromHeader" />
    </UnitTest>
    <UnitTest name="myIoTGrid.Hub.Interface.Tests.Controllers.HubsControllerTests.Create_WithValidData_ReturnsCreatedAtAction" storage="/users/frankbersch/riderprojects/myiotgrid/myiotgrid.hub/myiotgrid.hub.backend/tests/myiotgrid.hub.interface.tests/bin/debug/net10.0/myiotgrid.hub.interface.tests.dll" id="f167b3b7-3edd-d854-19a4-71a13b48ea30">
      <Execution id="d39fe50e-2e14-4e91-96d2-ae18f7d44f21" />
      <TestMethod codeBase="/Users/frankbersch/RiderProjects/myIoTGrid/myIoTGrid.Hub/myIoTGrid.Hub.Backend/tests/myIoTGrid.Hub.Interface.Tests/bin/Debug/net10.0/myIoTGrid.Hub.Interface.Tests.dll" adapterTypeName="executor://xunit/VsTestRunner2/netcoreapp" className="myIoTGrid.Hub.Interface.Tests.Controllers.HubsControllerTests" name="Create_WithValidData_ReturnsCreatedAtAction" />
    </UnitTest>
    <UnitTest name="myIoTGrid.Hub.Interface.Tests.Middleware.ExceptionMiddlewareTests.InvokeAsync_InProduction_HidesExceptionMessage" storage="/users/frankbersch/riderprojects/myiotgrid/myiotgrid.hub/myiotgrid.hub.backend/tests/myiotgrid.hub.interface.tests/bin/debug/net10.0/myiotgrid.hub.interface.tests.dll" id="ea1a4f9d-45f6-95d5-bbd9-b0f7fb92ba76">
      <Execution id="38006a9c-c5c1-438e-a732-ff92d1b81332" />
      <TestMethod codeBase="/Users/frankbersch/RiderProjects/myIoTGrid/myIoTGrid.Hub/myIoTGrid.Hub.Backend/tests/myIoTGrid.Hub.Interface.Tests/bin/Debug/net10.0/myIoTGrid.Hub.Interface.Tests.dll" adapterTypeName="executor://xunit/VsTestRunner2/netcoreapp" className="myIoTGrid.Hub.Interface.Tests.Middleware.ExceptionMiddlewareTests" name="InvokeAsync_InProduction_HidesExceptionMessage" />
    </UnitTest>
    <UnitTest name="myIoTGrid.Hub.Interface.Tests.Middleware.ExceptionMiddlewareTests.InvokeAsync_SetsContentTypeToApplicationProblemJson" storage="/users/frankbersch/riderprojects/myiotgrid/myiotgrid.hub/myiotgrid.hub.backend/tests/myiotgrid.hub.interface.tests/bin/debug/net10.0/myiotgrid.hub.interface.tests.dll" id="0d4b0835-ce5e-f01a-b218-90a7fc8d5c3f">
      <Execution id="b108c18d-9979-4b6f-bf15-7457d6aee04b" />
      <TestMethod codeBase="/Users/frankbersch/RiderProjects/myIoTGrid/myIoTGrid.Hub/myIoTGrid.Hub.Backend/tests/myIoTGrid.Hub.Interface.Tests/bin/Debug/net10.0/myIoTGrid.Hub.Interface.Tests.dll" adapterTypeName="executor://xunit/VsTestRunner2/netcoreapp" className="myIoTGrid.Hub.Interface.Tests.Middleware.ExceptionMiddlewareTests" name="InvokeAsync_SetsContentTypeToApplicationProblemJson" />
    </UnitTest>
    <UnitTest name="myIoTGrid.Hub.Interface.Tests.Middleware.TenantMiddlewareTests.InvokeAsync_WithoutConfiguredDefaultTenant_UsesFallbackTenant" storage="/users/frankbersch/riderprojects/myiotgrid/myiotgrid.hub/myiotgrid.hub.backend/tests/myiotgrid.hub.interface.tests/bin/debug/net10.0/myiotgrid.hub.interface.tests.dll" id="944fad7e-e770-9175-f9cb-3f3502a7ab57">
      <Execution id="940f3456-60ce-456e-bd2a-8b21b92b8b0a" />
      <TestMethod codeBase="/Users/frankbersch/RiderProjects/myIoTGrid/myIoTGrid.Hub/myIoTGrid.Hub.Backend/tests/myIoTGrid.Hub.Interface.Tests/bin/Debug/net10.0/myIoTGrid.Hub.Interface.Tests.dll" adapterTypeName="executor://xunit/VsTestRunner2/netcoreapp" className="myIoTGrid.Hub.Interface.Tests.Middleware.TenantMiddlewareTests" name="InvokeAsync_WithoutConfiguredDefaultTenant_UsesFallbackTenant" />
    </UnitTest>
    <UnitTest name="myIoTGrid.Hub.Interface.Tests.Controllers.ReadingsControllerTests.Create_WithMinimalData_ReturnsCreatedAtAction" storage="/users/frankbersch/riderprojects/myiotgrid/myiotgrid.hub/myiotgrid.hub.backend/tests/myiotgrid.hub.interface.tests/bin/debug/net10.0/myiotgrid.hub.interface.tests.dll" id="c605f10e-f191-22a5-5493-0b505596d5b8">
      <Execution id="e8ced9aa-1e25-41eb-b997-5fd534efcdd2" />
      <TestMethod codeBase="/Users/frankbersch/RiderProjects/myIoTGrid/myIoTGrid.Hub/myIoTGrid.Hub.Backend/tests/myIoTGrid.Hub.Interface.Tests/bin/Debug/net10.0/myIoTGrid.Hub.Interface.Tests.dll" adapterTypeName="executor://xunit/VsTestRunner2/netcoreapp" className="myIoTGrid.Hub.Interface.Tests.Controllers.ReadingsControllerTests" name="Create_WithMinimalData_ReturnsCreatedAtAction" />
    </UnitTest>
    <UnitTest name="myIoTGrid.Hub.Interface.Tests.Controllers.NodesControllerTests.Delete_WithExistingNode_ReturnsNoContent" storage="/users/frankbersch/riderprojects/myiotgrid/myiotgrid.hub/myiotgrid.hub.backend/tests/myiotgrid.hub.interface.tests/bin/debug/net10.0/myiotgrid.hub.interface.tests.dll" id="f6ce1302-ae10-3ad3-ed32-940a3e1a627e">
      <Execution id="3bda34b0-c74d-49a5-bfa3-9ba94610496e" />
      <TestMethod codeBase="/Users/frankbersch/RiderProjects/myIoTGrid/myIoTGrid.Hub/myIoTGrid.Hub.Backend/tests/myIoTGrid.Hub.Interface.Tests/bin/Debug/net10.0/myIoTGrid.Hub.Interface.Tests.dll" adapterTypeName="executor://xunit/VsTestRunner2/netcoreapp" className="myIoTGrid.Hub.Interface.Tests.Controllers.NodesControllerTests" name="Delete_WithExistingNode_ReturnsNoContent" />
    </UnitTest>
    <UnitTest name="myIoTGrid.Hub.Interface.Tests.Controllers.HubsControllerTests.GetAll_WithNoHubs_ReturnsOkWithEmptyList" storage="/users/frankbersch/riderprojects/myiotgrid/myiotgrid.hub/myiotgrid.hub.backend/tests/myiotgrid.hub.interface.tests/bin/debug/net10.0/myiotgrid.hub.interface.tests.dll" id="57ef9bb9-6e66-0d19-4600-5ce2098646ee">
      <Execution id="5d6ee012-d9da-44c6-b752-5ef6f552982a" />
      <TestMethod codeBase="/Users/frankbersch/RiderProjects/myIoTGrid/myIoTGrid.Hub/myIoTGrid.Hub.Backend/tests/myIoTGrid.Hub.Interface.Tests/bin/Debug/net10.0/myIoTGrid.Hub.Interface.Tests.dll" adapterTypeName="executor://xunit/VsTestRunner2/netcoreapp" className="myIoTGrid.Hub.Interface.Tests.Controllers.HubsControllerTests" name="GetAll_WithNoHubs_ReturnsOkWithEmptyList" />
    </UnitTest>
    <UnitTest name="myIoTGrid.Hub.Interface.Tests.Controllers.NodesControllerTests.GetAll_ReturnsOkWithNodes" storage="/users/frankbersch/riderprojects/myiotgrid/myiotgrid.hub/myiotgrid.hub.backend/tests/myiotgrid.hub.interface.tests/bin/debug/net10.0/myiotgrid.hub.interface.tests.dll" id="ae52e8f1-a789-f60d-88b2-3721a1780e02">
      <Execution id="adac481f-f4f5-4c9f-8278-841224d75df6" />
      <TestMethod codeBase="/Users/frankbersch/RiderProjects/myIoTGrid/myIoTGrid.Hub/myIoTGrid.Hub.Backend/tests/myIoTGrid.Hub.Interface.Tests/bin/Debug/net10.0/myIoTGrid.Hub.Interface.Tests.dll" adapterTypeName="executor://xunit/VsTestRunner2/netcoreapp" className="myIoTGrid.Hub.Interface.Tests.Controllers.NodesControllerTests" name="GetAll_ReturnsOkWithNodes" />
    </UnitTest>
    <UnitTest name="myIoTGrid.Hub.Interface.Tests.Controllers.NodesControllerTests.Create_WithoutHubIdOrIdentifier_ReturnsBadRequest" storage="/users/frankbersch/riderprojects/myiotgrid/myiotgrid.hub/myiotgrid.hub.backend/tests/myiotgrid.hub.interface.tests/bin/debug/net10.0/myiotgrid.hub.interface.tests.dll" id="7fa64632-75e9-d4cf-a597-0e3307260303">
      <Execution id="e2aef270-c4ad-4103-a998-f2737de7bd35" />
      <TestMethod codeBase="/Users/frankbersch/RiderProjects/myIoTGrid/myIoTGrid.Hub/myIoTGrid.Hub.Backend/tests/myIoTGrid.Hub.Interface.Tests/bin/Debug/net10.0/myIoTGrid.Hub.Interface.Tests.dll" adapterTypeName="executor://xunit/VsTestRunner2/netcoreapp" className="myIoTGrid.Hub.Interface.Tests.Controllers.NodesControllerTests" name="Create_WithoutHubIdOrIdentifier_ReturnsBadRequest" />
    </UnitTest>
    <UnitTest name="myIoTGrid.Hub.Interface.Tests.Controllers.ReadingsControllerTests.GetLatest_ReturnsOkWithReadings" storage="/users/frankbersch/riderprojects/myiotgrid/myiotgrid.hub/myiotgrid.hub.backend/tests/myiotgrid.hub.interface.tests/bin/debug/net10.0/myiotgrid.hub.interface.tests.dll" id="57ac8c6e-cd51-75fc-a0bc-fd9d47c4aaa6">
      <Execution id="24c4383c-eb84-4d04-a4f4-fa1a5d92a240" />
      <TestMethod codeBase="/Users/frankbersch/RiderProjects/myIoTGrid/myIoTGrid.Hub/myIoTGrid.Hub.Backend/tests/myIoTGrid.Hub.Interface.Tests/bin/Debug/net10.0/myIoTGrid.Hub.Interface.Tests.dll" adapterTypeName="executor://xunit/VsTestRunner2/netcoreapp" className="myIoTGrid.Hub.Interface.Tests.Controllers.ReadingsControllerTests" name="GetLatest_ReturnsOkWithReadings" />
    </UnitTest>
    <UnitTest name="myIoTGrid.Hub.Interface.Tests.Controllers.NodesControllerTests.Register_WithHubIdentifier_LooksUpHubAndReturnsOk" storage="/users/frankbersch/riderprojects/myiotgrid/myiotgrid.hub/myiotgrid.hub.backend/tests/myiotgrid.hub.interface.tests/bin/debug/net10.0/myiotgrid.hub.interface.tests.dll" id="82e9ae91-6094-cfe2-ecca-ad5b3f47d6f5">
      <Execution id="0a17bfdc-0140-4e54-a520-9482003b42db" />
      <TestMethod codeBase="/Users/frankbersch/RiderProjects/myIoTGrid/myIoTGrid.Hub/myIoTGrid.Hub.Backend/tests/myIoTGrid.Hub.Interface.Tests/bin/Debug/net10.0/myIoTGrid.Hub.Interface.Tests.dll" adapterTypeName="executor://xunit/VsTestRunner2/netcoreapp" className="myIoTGrid.Hub.Interface.Tests.Controllers.NodesControllerTests" name="Register_WithHubIdentifier_LooksUpHubAndReturnsOk" />
    </UnitTest>
    <UnitTest name="myIoTGrid.Hub.Interface.Tests.Controllers.NodesControllerTests.GetAssignments_ReturnsOkWithAssignments" storage="/users/frankbersch/riderprojects/myiotgrid/myiotgrid.hub/myiotgrid.hub.backend/tests/myiotgrid.hub.interface.tests/bin/debug/net10.0/myiotgrid.hub.interface.tests.dll" id="37090c82-dfac-96ad-a724-6a023de95492">
      <Execution id="23ff8701-e8b1-4d1a-98bc-b9d565675d07" />
      <TestMethod codeBase="/Users/frankbersch/RiderProjects/myIoTGrid/myIoTGrid.Hub/myIoTGrid.Hub.Backend/tests/myIoTGrid.Hub.Interface.Tests/bin/Debug/net10.0/myIoTGrid.Hub.Interface.Tests.dll" adapterTypeName="executor://xunit/VsTestRunner2/netcoreapp" className="myIoTGrid.Hub.Interface.Tests.Controllers.NodesControllerTests" name="GetAssignments_ReturnsOkWithAssignments" />
    </UnitTest>
    <UnitTest name="myIoTGrid.Hub.Interface.Tests.Controllers.AlertsControllerTests.GetActive_WithNoAlerts_ReturnsOkWithEmptyList" storage="/users/frankbersch/riderprojects/myiotgrid/myiotgrid.hub/myiotgrid.hub.backend/tests/myiotgrid.hub.interface.tests/bin/debug/net10.0/myiotgrid.hub.interface.tests.dll" id="da3a59d7-2f4b-cffe-e114-444f99a12278">
      <Execution id="eb82dc4f-1628-4b8e-888f-c4a585b69b57" />
      <TestMethod codeBase="/Users/frankbersch/RiderProjects/myIoTGrid/myIoTGrid.Hub/myIoTGrid.Hub.Backend/tests/myIoTGrid.Hub.Interface.Tests/bin/Debug/net10.0/myIoTGrid.Hub.Interface.Tests.dll" adapterTypeName="executor://xunit/VsTestRunner2/netcoreapp" className="myIoTGrid.Hub.Interface.Tests.Controllers.AlertsControllerTests" name="GetActive_WithNoAlerts_ReturnsOkWithEmptyList" />
    </UnitTest>
    <UnitTest name="myIoTGrid.Hub.Interface.Tests.Middleware.ExceptionMiddlewareTests.InvokeAsync_InProduction_DoesNotIncludeStackTrace" storage="/users/frankbersch/riderprojects/myiotgrid/myiotgrid.hub/myiotgrid.hub.backend/tests/myiotgrid.hub.interface.tests/bin/debug/net10.0/myiotgrid.hub.interface.tests.dll" id="17c631ba-9a00-f960-f8a1-8913590b217b">
      <Execution id="7abf67cb-6971-4b56-b15c-1d0db4e36576" />
      <TestMethod codeBase="/Users/frankbersch/RiderProjects/myIoTGrid/myIoTGrid.Hub/myIoTGrid.Hub.Backend/tests/myIoTGrid.Hub.Interface.Tests/bin/Debug/net10.0/myIoTGrid.Hub.Interface.Tests.dll" adapterTypeName="executor://xunit/VsTestRunner2/netcoreapp" className="myIoTGrid.Hub.Interface.Tests.Middleware.ExceptionMiddlewareTests" name="InvokeAsync_InProduction_DoesNotIncludeStackTrace" />
    </UnitTest>
    <UnitTest name="myIoTGrid.Hub.Interface.Tests.Controllers.ReadingsControllerTests.GetFiltered_WithEmptyFilter_ReturnsOk" storage="/users/frankbersch/riderprojects/myiotgrid/myiotgrid.hub/myiotgrid.hub.backend/tests/myiotgrid.hub.interface.tests/bin/debug/net10.0/myiotgrid.hub.interface.tests.dll" id="18cacd53-d955-8a7d-0de3-f594efad8830">
      <Execution id="b5a66a78-0159-43cc-84c0-b7626519555e" />
      <TestMethod codeBase="/Users/frankbersch/RiderProjects/myIoTGrid/myIoTGrid.Hub/myIoTGrid.Hub.Backend/tests/myIoTGrid.Hub.Interface.Tests/bin/Debug/net10.0/myIoTGrid.Hub.Interface.Tests.dll" adapterTypeName="executor://xunit/VsTestRunner2/netcoreapp" className="myIoTGrid.Hub.Interface.Tests.Controllers.ReadingsControllerTests" name="GetFiltered_WithEmptyFilter_ReturnsOk" />
    </UnitTest>
    <UnitTest name="myIoTGrid.Hub.Interface.Tests.Middleware.TenantMiddlewareTests.InvokeAsync_CallsNextMiddleware" storage="/users/frankbersch/riderprojects/myiotgrid/myiotgrid.hub/myiotgrid.hub.backend/tests/myiotgrid.hub.interface.tests/bin/debug/net10.0/myiotgrid.hub.interface.tests.dll" id="05ff67e8-9991-b0cb-67c7-5267d9045fe4">
      <Execution id="f47b7550-f74e-4776-8061-b1227ef3fb8f" />
      <TestMethod codeBase="/Users/frankbersch/RiderProjects/myIoTGrid/myIoTGrid.Hub/myIoTGrid.Hub.Backend/tests/myIoTGrid.Hub.Interface.Tests/bin/Debug/net10.0/myIoTGrid.Hub.Interface.Tests.dll" adapterTypeName="executor://xunit/VsTestRunner2/netcoreapp" className="myIoTGrid.Hub.Interface.Tests.Middleware.TenantMiddlewareTests" name="InvokeAsync_CallsNextMiddleware" />
    </UnitTest>
    <UnitTest name="myIoTGrid.Hub.Interface.Tests.Middleware.ExceptionMiddlewareTests.InvokeAsync_InDevelopment_IncludesExceptionMessage" storage="/users/frankbersch/riderprojects/myiotgrid/myiotgrid.hub/myiotgrid.hub.backend/tests/myiotgrid.hub.interface.tests/bin/debug/net10.0/myiotgrid.hub.interface.tests.dll" id="60cd8390-1a7c-2a48-fea7-b552781ca721">
      <Execution id="d85366b9-4e0b-4fad-b4da-b02a12952096" />
      <TestMethod codeBase="/Users/frankbersch/RiderProjects/myIoTGrid/myIoTGrid.Hub/myIoTGrid.Hub.Backend/tests/myIoTGrid.Hub.Interface.Tests/bin/Debug/net10.0/myIoTGrid.Hub.Interface.Tests.dll" adapterTypeName="executor://xunit/VsTestRunner2/netcoreapp" className="myIoTGrid.Hub.Interface.Tests.Middleware.ExceptionMiddlewareTests" name="InvokeAsync_InDevelopment_IncludesExceptionMessage" />
    </UnitTest>
    <UnitTest name="myIoTGrid.Hub.Interface.Tests.Middleware.TenantMiddlewareTests.InvokeAsync_WithoutTenantIdHeader_UsesDefaultTenant" storage="/users/frankbersch/riderprojects/myiotgrid/myiotgrid.hub/myiotgrid.hub.backend/tests/myiotgrid.hub.interface.tests/bin/debug/net10.0/myiotgrid.hub.interface.tests.dll" id="d1ef942b-6067-269c-5773-d8f4e7a43520">
      <Execution id="629d30db-f578-41b8-a6b6-df42a6bc7044" />
      <TestMethod codeBase="/Users/frankbersch/RiderProjects/myIoTGrid/myIoTGrid.Hub/myIoTGrid.Hub.Backend/tests/myIoTGrid.Hub.Interface.Tests/bin/Debug/net10.0/myIoTGrid.Hub.Interface.Tests.dll" adapterTypeName="executor://xunit/VsTestRunner2/netcoreapp" className="myIoTGrid.Hub.Interface.Tests.Middleware.TenantMiddlewareTests" name="InvokeAsync_WithoutTenantIdHeader_UsesDefaultTenant" />
    </UnitTest>
    <UnitTest name="myIoTGrid.Hub.Interface.Tests.Controllers.NodesControllerTests.Update_WithNonExistingNode_ReturnsNotFound" storage="/users/frankbersch/riderprojects/myiotgrid/myiotgrid.hub/myiotgrid.hub.backend/tests/myiotgrid.hub.interface.tests/bin/debug/net10.0/myiotgrid.hub.interface.tests.dll" id="a3a9cba7-7377-160e-a6da-b7004325ec67">
      <Execution id="2e0c6c80-9583-4796-a984-16fe9422539a" />
      <TestMethod codeBase="/Users/frankbersch/RiderProjects/myIoTGrid/myIoTGrid.Hub/myIoTGrid.Hub.Backend/tests/myIoTGrid.Hub.Interface.Tests/bin/Debug/net10.0/myIoTGrid.Hub.Interface.Tests.dll" adapterTypeName="executor://xunit/VsTestRunner2/netcoreapp" className="myIoTGrid.Hub.Interface.Tests.Controllers.NodesControllerTests" name="Update_WithNonExistingNode_ReturnsNotFound" />
    </UnitTest>
    <UnitTest name="myIoTGrid.Hub.Interface.Tests.Controllers.NodesControllerTests.GetAssignments_WithNoAssignments_ReturnsEmptyList" storage="/users/frankbersch/riderprojects/myiotgrid/myiotgrid.hub/myiotgrid.hub.backend/tests/myiotgrid.hub.interface.tests/bin/debug/net10.0/myiotgrid.hub.interface.tests.dll" id="d5bd9c7a-e69d-1f3f-f3b1-84378cd126e4">
      <Execution id="17946c28-4b64-4b45-afdb-7e3705db46f1" />
      <TestMethod codeBase="/Users/frankbersch/RiderProjects/myIoTGrid/myIoTGrid.Hub/myIoTGrid.Hub.Backend/tests/myIoTGrid.Hub.Interface.Tests/bin/Debug/net10.0/myIoTGrid.Hub.Interface.Tests.dll" adapterTypeName="executor://xunit/VsTestRunner2/netcoreapp" className="myIoTGrid.Hub.Interface.Tests.Controllers.NodesControllerTests" name="GetAssignments_WithNoAssignments_ReturnsEmptyList" />
    </UnitTest>
    <UnitTest name="myIoTGrid.Hub.Interface.Tests.Controllers.NodesControllerTests.Update_WithExistingNode_ReturnsOkWithNode" storage="/users/frankbersch/riderprojects/myiotgrid/myiotgrid.hub/myiotgrid.hub.backend/tests/myiotgrid.hub.interface.tests/bin/debug/net10.0/myiotgrid.hub.interface.tests.dll" id="6475abcf-b332-dbb4-b4ac-0657c374b12f">
      <Execution id="941f5f39-3e10-4125-b13b-cdf03c4b2c58" />
      <TestMethod codeBase="/Users/frankbersch/RiderProjects/myIoTGrid/myIoTGrid.Hub/myIoTGrid.Hub.Backend/tests/myIoTGrid.Hub.Interface.Tests/bin/Debug/net10.0/myIoTGrid.Hub.Interface.Tests.dll" adapterTypeName="executor://xunit/VsTestRunner2/netcoreapp" className="myIoTGrid.Hub.Interface.Tests.Controllers.NodesControllerTests" name="Update_WithExistingNode_ReturnsOkWithNode" />
    </UnitTest>
    <UnitTest name="myIoTGrid.Hub.Interface.Tests.Controllers.AlertsControllerTests.GetFiltered_ReturnsOkWithPaginatedResult" storage="/users/frankbersch/riderprojects/myiotgrid/myiotgrid.hub/myiotgrid.hub.backend/tests/myiotgrid.hub.interface.tests/bin/debug/net10.0/myiotgrid.hub.interface.tests.dll" id="1f422190-70ec-fb20-360e-082045767a18">
      <Execution id="b17f46a1-d8cb-48ee-be39-0bacc43bf4e0" />
      <TestMethod codeBase="/Users/frankbersch/RiderProjects/myIoTGrid/myIoTGrid.Hub/myIoTGrid.Hub.Backend/tests/myIoTGrid.Hub.Interface.Tests/bin/Debug/net10.0/myIoTGrid.Hub.Interface.Tests.dll" adapterTypeName="executor://xunit/VsTestRunner2/netcoreapp" className="myIoTGrid.Hub.Interface.Tests.Controllers.AlertsControllerTests" name="GetFiltered_ReturnsOkWithPaginatedResult" />
    </UnitTest>
    <UnitTest name="myIoTGrid.Hub.Interface.Tests.Middleware.ExceptionMiddlewareTests.InvokeAsync_WithUnauthorizedAccessException_Returns401" storage="/users/frankbersch/riderprojects/myiotgrid/myiotgrid.hub/myiotgrid.hub.backend/tests/myiotgrid.hub.interface.tests/bin/debug/net10.0/myiotgrid.hub.interface.tests.dll" id="f7927470-803c-2d90-60dc-8f757e1e66fa">
      <Execution id="b808526c-7342-4fa5-bdca-70a5969c996f" />
      <TestMethod codeBase="/Users/frankbersch/RiderProjects/myIoTGrid/myIoTGrid.Hub/myIoTGrid.Hub.Backend/tests/myIoTGrid.Hub.Interface.Tests/bin/Debug/net10.0/myIoTGrid.Hub.Interface.Tests.dll" adapterTypeName="executor://xunit/VsTestRunner2/netcoreapp" className="myIoTGrid.Hub.Interface.Tests.Middleware.ExceptionMiddlewareTests" name="InvokeAsync_WithUnauthorizedAccessException_Returns401" />
    </UnitTest>
    <UnitTest name="myIoTGrid.Hub.Interface.Tests.Controllers.HubsControllerTests.GetNodes_WithNoNodes_ReturnsOkWithEmptyList" storage="/users/frankbersch/riderprojects/myiotgrid/myiotgrid.hub/myiotgrid.hub.backend/tests/myiotgrid.hub.interface.tests/bin/debug/net10.0/myiotgrid.hub.interface.tests.dll" id="eee0022e-56ca-9d9a-ae4f-df936dcadb9e">
      <Execution id="8fcd0a83-5543-4bb1-972a-1d58a3c04698" />
      <TestMethod codeBase="/Users/frankbersch/RiderProjects/myIoTGrid/myIoTGrid.Hub/myIoTGrid.Hub.Backend/tests/myIoTGrid.Hub.Interface.Tests/bin/Debug/net10.0/myIoTGrid.Hub.Interface.Tests.dll" adapterTypeName="executor://xunit/VsTestRunner2/netcoreapp" className="myIoTGrid.Hub.Interface.Tests.Controllers.HubsControllerTests" name="GetNodes_WithNoNodes_ReturnsOkWithEmptyList" />
    </UnitTest>
    <UnitTest name="myIoTGrid.Hub.Interface.Tests.Middleware.ExceptionMiddlewareTests.InvokeAsync_WithInternalError_LogsError" storage="/users/frankbersch/riderprojects/myiotgrid/myiotgrid.hub/myiotgrid.hub.backend/tests/myiotgrid.hub.interface.tests/bin/debug/net10.0/myiotgrid.hub.interface.tests.dll" id="f59e5c76-c63b-a8fb-2d96-1b8057084d60">
      <Execution id="bb80ba3d-1cdf-43f8-bdb4-12e1175b428e" />
      <TestMethod codeBase="/Users/frankbersch/RiderProjects/myIoTGrid/myIoTGrid.Hub/myIoTGrid.Hub.Backend/tests/myIoTGrid.Hub.Interface.Tests/bin/Debug/net10.0/myIoTGrid.Hub.Interface.Tests.dll" adapterTypeName="executor://xunit/VsTestRunner2/netcoreapp" className="myIoTGrid.Hub.Interface.Tests.Middleware.ExceptionMiddlewareTests" name="InvokeAsync_WithInternalError_LogsError" />
    </UnitTest>
    <UnitTest name="myIoTGrid.Hub.Interface.Tests.Controllers.HubsControllerTests.GetAll_ReturnsOkWithHubs" storage="/users/frankbersch/riderprojects/myiotgrid/myiotgrid.hub/myiotgrid.hub.backend/tests/myiotgrid.hub.interface.tests/bin/debug/net10.0/myiotgrid.hub.interface.tests.dll" id="6d5609cb-9f06-e386-d910-8beab31bc2d2">
      <Execution id="b1dbe1ef-a9b6-450c-a5b5-b819440247d3" />
      <TestMethod codeBase="/Users/frankbersch/RiderProjects/myIoTGrid/myIoTGrid.Hub/myIoTGrid.Hub.Backend/tests/myIoTGrid.Hub.Interface.Tests/bin/Debug/net10.0/myIoTGrid.Hub.Interface.Tests.dll" adapterTypeName="executor://xunit/VsTestRunner2/netcoreapp" className="myIoTGrid.Hub.Interface.Tests.Controllers.HubsControllerTests" name="GetAll_ReturnsOkWithHubs" />
    </UnitTest>
    <UnitTest name="myIoTGrid.Hub.Interface.Tests.Controllers.NodesControllerTests.Delete_WithNonExistingNode_ReturnsNotFound" storage="/users/frankbersch/riderprojects/myiotgrid/myiotgrid.hub/myiotgrid.hub.backend/tests/myiotgrid.hub.interface.tests/bin/debug/net10.0/myiotgrid.hub.interface.tests.dll" id="f4bcf280-e92a-0e0e-c3d1-aac6536bce67">
      <Execution id="f409cced-1f04-47d7-848a-063aa6118c9e" />
      <TestMethod codeBase="/Users/frankbersch/RiderProjects/myIoTGrid/myIoTGrid.Hub/myIoTGrid.Hub.Backend/tests/myIoTGrid.Hub.Interface.Tests/bin/Debug/net10.0/myIoTGrid.Hub.Interface.Tests.dll" adapterTypeName="executor://xunit/VsTestRunner2/netcoreapp" className="myIoTGrid.Hub.Interface.Tests.Controllers.NodesControllerTests" name="Delete_WithNonExistingNode_ReturnsNotFound" />
    </UnitTest>
    <UnitTest name="myIoTGrid.Hub.Interface.Tests.Controllers.AlertsControllerTests.GetActive_ReturnsOkWithAlerts" storage="/users/frankbersch/riderprojects/myiotgrid/myiotgrid.hub/myiotgrid.hub.backend/tests/myiotgrid.hub.interface.tests/bin/debug/net10.0/myiotgrid.hub.interface.tests.dll" id="70b72edc-c1f7-a492-ab66-fe80158e5811">
      <Execution id="1598d13d-8222-40d5-84a4-4bf3bae84ac1" />
      <TestMethod codeBase="/Users/frankbersch/RiderProjects/myIoTGrid/myIoTGrid.Hub/myIoTGrid.Hub.Backend/tests/myIoTGrid.Hub.Interface.Tests/bin/Debug/net10.0/myIoTGrid.Hub.Interface.Tests.dll" adapterTypeName="executor://xunit/VsTestRunner2/netcoreapp" className="myIoTGrid.Hub.Interface.Tests.Controllers.AlertsControllerTests" name="GetActive_ReturnsOkWithAlerts" />
    </UnitTest>
    <UnitTest name="myIoTGrid.Hub.Interface.Tests.Controllers.HubsControllerTests.Update_WithExistingHub_ReturnsOkWithHub" storage="/users/frankbersch/riderprojects/myiotgrid/myiotgrid.hub/myiotgrid.hub.backend/tests/myiotgrid.hub.interface.tests/bin/debug/net10.0/myiotgrid.hub.interface.tests.dll" id="a1d5b509-60a5-2a08-fa6a-33246ff9ae6f">
      <Execution id="3757ddcd-3a56-404f-85cc-f7b290bb5929" />
      <TestMethod codeBase="/Users/frankbersch/RiderProjects/myIoTGrid/myIoTGrid.Hub/myIoTGrid.Hub.Backend/tests/myIoTGrid.Hub.Interface.Tests/bin/Debug/net10.0/myIoTGrid.Hub.Interface.Tests.dll" adapterTypeName="executor://xunit/VsTestRunner2/netcoreapp" className="myIoTGrid.Hub.Interface.Tests.Controllers.HubsControllerTests" name="Update_WithExistingHub_ReturnsOkWithHub" />
    </UnitTest>
    <UnitTest name="myIoTGrid.Hub.Interface.Tests.Middleware.ExceptionMiddlewareTests.InvokeAsync_WithInvalidOperationException_Returns400" storage="/users/frankbersch/riderprojects/myiotgrid/myiotgrid.hub/myiotgrid.hub.backend/tests/myiotgrid.hub.interface.tests/bin/debug/net10.0/myiotgrid.hub.interface.tests.dll" id="2a25f420-eff7-5474-a072-ff5c3d9b583a">
      <Execution id="65005244-5307-4c1f-995b-b83c49c82878" />
      <TestMethod codeBase="/Users/frankbersch/RiderProjects/myIoTGrid/myIoTGrid.Hub/myIoTGrid.Hub.Backend/tests/myIoTGrid.Hub.Interface.Tests/bin/Debug/net10.0/myIoTGrid.Hub.Interface.Tests.dll" adapterTypeName="executor://xunit/VsTestRunner2/netcoreapp" className="myIoTGrid.Hub.Interface.Tests.Middleware.ExceptionMiddlewareTests" name="InvokeAsync_WithInvalidOperationException_Returns400" />
    </UnitTest>
    <UnitTest name="myIoTGrid.Hub.Interface.Tests.Middleware.ExceptionMiddlewareTests.InvokeAsync_WithKeyNotFoundException_Returns404" storage="/users/frankbersch/riderprojects/myiotgrid/myiotgrid.hub/myiotgrid.hub.backend/tests/myiotgrid.hub.interface.tests/bin/debug/net10.0/myiotgrid.hub.interface.tests.dll" id="1f8941e9-d1e7-26fa-448d-d04f8e416d11">
      <Execution id="5704916d-0433-40e2-bd20-16185dd051bd" />
      <TestMethod codeBase="/Users/frankbersch/RiderProjects/myIoTGrid/myIoTGrid.Hub/myIoTGrid.Hub.Backend/tests/myIoTGrid.Hub.Interface.Tests/bin/Debug/net10.0/myIoTGrid.Hub.Interface.Tests.dll" adapterTypeName="executor://xunit/VsTestRunner2/netcoreapp" className="myIoTGrid.Hub.Interface.Tests.Middleware.ExceptionMiddlewareTests" name="InvokeAsync_WithKeyNotFoundException_Returns404" />
    </UnitTest>
    <UnitTest name="myIoTGrid.Hub.Interface.Tests.Controllers.ReadingsControllerTests.GetByNode_ReturnsOkWithReadings" storage="/users/frankbersch/riderprojects/myiotgrid/myiotgrid.hub/myiotgrid.hub.backend/tests/myiotgrid.hub.interface.tests/bin/debug/net10.0/myiotgrid.hub.interface.tests.dll" id="fb655fa9-90ef-9609-b7ea-bb0547c844c1">
      <Execution id="8ff8460a-d446-489b-b4cb-fe69da6458ae" />
      <TestMethod codeBase="/Users/frankbersch/RiderProjects/myIoTGrid/myIoTGrid.Hub/myIoTGrid.Hub.Backend/tests/myIoTGrid.Hub.Interface.Tests/bin/Debug/net10.0/myIoTGrid.Hub.Interface.Tests.dll" adapterTypeName="executor://xunit/VsTestRunner2/netcoreapp" className="myIoTGrid.Hub.Interface.Tests.Controllers.ReadingsControllerTests" name="GetByNode_ReturnsOkWithReadings" />
    </UnitTest>
    <UnitTest name="myIoTGrid.Hub.Interface.Tests.Controllers.AlertsControllerTests.Acknowledge_WithNonExistingAlert_ReturnsNotFound" storage="/users/frankbersch/riderprojects/myiotgrid/myiotgrid.hub/myiotgrid.hub.backend/tests/myiotgrid.hub.interface.tests/bin/debug/net10.0/myiotgrid.hub.interface.tests.dll" id="4e40e29a-d8b2-3f27-7a72-8058b20c0c36">
      <Execution id="00f7b236-632e-464c-b56e-e244e171f506" />
      <TestMethod codeBase="/Users/frankbersch/RiderProjects/myIoTGrid/myIoTGrid.Hub/myIoTGrid.Hub.Backend/tests/myIoTGrid.Hub.Interface.Tests/bin/Debug/net10.0/myIoTGrid.Hub.Interface.Tests.dll" adapterTypeName="executor://xunit/VsTestRunner2/netcoreapp" className="myIoTGrid.Hub.Interface.Tests.Controllers.AlertsControllerTests" name="Acknowledge_WithNonExistingAlert_ReturnsNotFound" />
    </UnitTest>
    <UnitTest name="myIoTGrid.Hub.Interface.Tests.Controllers.AlertsControllerTests.Acknowledge_WithExistingAlert_ReturnsOkWithAcknowledgedAlert" storage="/users/frankbersch/riderprojects/myiotgrid/myiotgrid.hub/myiotgrid.hub.backend/tests/myiotgrid.hub.interface.tests/bin/debug/net10.0/myiotgrid.hub.interface.tests.dll" id="d4a99558-5346-f840-b5c9-1f7d61b68c66">
      <Execution id="db8b8f78-6a2a-4608-87ac-9d71edc14b48" />
      <TestMethod codeBase="/Users/frankbersch/RiderProjects/myIoTGrid/myIoTGrid.Hub/myIoTGrid.Hub.Backend/tests/myIoTGrid.Hub.Interface.Tests/bin/Debug/net10.0/myIoTGrid.Hub.Interface.Tests.dll" adapterTypeName="executor://xunit/VsTestRunner2/netcoreapp" className="myIoTGrid.Hub.Interface.Tests.Controllers.AlertsControllerTests" name="Acknowledge_WithExistingAlert_ReturnsOkWithAcknowledgedAlert" />
    </UnitTest>
    <UnitTest name="myIoTGrid.Hub.Interface.Tests.Controllers.NodesControllerTests.Register_WithoutHubIdOrIdentifier_ReturnsBadRequest" storage="/users/frankbersch/riderprojects/myiotgrid/myiotgrid.hub/myiotgrid.hub.backend/tests/myiotgrid.hub.interface.tests/bin/debug/net10.0/myiotgrid.hub.interface.tests.dll" id="45c3bd13-d223-2039-7559-104b1d30097f">
      <Execution id="7adc0a43-abaa-4615-8249-2a9970a55b45" />
      <TestMethod codeBase="/Users/frankbersch/RiderProjects/myIoTGrid/myIoTGrid.Hub/myIoTGrid.Hub.Backend/tests/myIoTGrid.Hub.Interface.Tests/bin/Debug/net10.0/myIoTGrid.Hub.Interface.Tests.dll" adapterTypeName="executor://xunit/VsTestRunner2/netcoreapp" className="myIoTGrid.Hub.Interface.Tests.Controllers.NodesControllerTests" name="Register_WithoutHubIdOrIdentifier_ReturnsBadRequest" />
    </UnitTest>
    <UnitTest name="myIoTGrid.Hub.Interface.Tests.Middleware.TenantMiddlewareTests.InvokeAsync_WithInvalidTenantIdHeader_UsesDefaultTenant" storage="/users/frankbersch/riderprojects/myiotgrid/myiotgrid.hub/myiotgrid.hub.backend/tests/myiotgrid.hub.interface.tests/bin/debug/net10.0/myiotgrid.hub.interface.tests.dll" id="0a859242-88d0-4fcc-3a4f-bc426f67d292">
      <Execution id="f6c4c11a-df41-4020-afd9-d70ea7956303" />
      <TestMethod codeBase="/Users/frankbersch/RiderProjects/myIoTGrid/myIoTGrid.Hub/myIoTGrid.Hub.Backend/tests/myIoTGrid.Hub.Interface.Tests/bin/Debug/net10.0/myIoTGrid.Hub.Interface.Tests.dll" adapterTypeName="executor://xunit/VsTestRunner2/netcoreapp" className="myIoTGrid.Hub.Interface.Tests.Middleware.TenantMiddlewareTests" name="InvokeAsync_WithInvalidTenantIdHeader_UsesDefaultTenant" />
    </UnitTest>
    <UnitTest name="myIoTGrid.Hub.Interface.Tests.Middleware.TenantMiddlewareTests.InvokeAsync_WithMultipleTenantIdHeaders_UsesFirst" storage="/users/frankbersch/riderprojects/myiotgrid/myiotgrid.hub/myiotgrid.hub.backend/tests/myiotgrid.hub.interface.tests/bin/debug/net10.0/myiotgrid.hub.interface.tests.dll" id="d5642fc0-c622-a5fa-41d0-e246cb50b4bc">
      <Execution id="d7b69f90-514a-43dd-a028-ce8205671d4f" />
      <TestMethod codeBase="/Users/frankbersch/RiderProjects/myIoTGrid/myIoTGrid.Hub/myIoTGrid.Hub.Backend/tests/myIoTGrid.Hub.Interface.Tests/bin/Debug/net10.0/myIoTGrid.Hub.Interface.Tests.dll" adapterTypeName="executor://xunit/VsTestRunner2/netcoreapp" className="myIoTGrid.Hub.Interface.Tests.Middleware.TenantMiddlewareTests" name="InvokeAsync_WithMultipleTenantIdHeaders_UsesFirst" />
    </UnitTest>
    <UnitTest name="myIoTGrid.Hub.Interface.Tests.Controllers.HubsControllerTests.GetNodes_ReturnsOkWithNodes" storage="/users/frankbersch/riderprojects/myiotgrid/myiotgrid.hub/myiotgrid.hub.backend/tests/myiotgrid.hub.interface.tests/bin/debug/net10.0/myiotgrid.hub.interface.tests.dll" id="39fc8d95-a4f2-6120-8709-5d1e7b8ed178">
      <Execution id="bda31855-ac97-4046-8c6e-36e2269a4801" />
      <TestMethod codeBase="/Users/frankbersch/RiderProjects/myIoTGrid/myIoTGrid.Hub/myIoTGrid.Hub.Backend/tests/myIoTGrid.Hub.Interface.Tests/bin/Debug/net10.0/myIoTGrid.Hub.Interface.Tests.dll" adapterTypeName="executor://xunit/VsTestRunner2/netcoreapp" className="myIoTGrid.Hub.Interface.Tests.Controllers.HubsControllerTests" name="GetNodes_ReturnsOkWithNodes" />
    </UnitTest>
    <UnitTest name="myIoTGrid.Hub.Interface.Tests.Controllers.ReadingsControllerTests.GetFiltered_ReturnsOkWithPaginatedResult" storage="/users/frankbersch/riderprojects/myiotgrid/myiotgrid.hub/myiotgrid.hub.backend/tests/myiotgrid.hub.interface.tests/bin/debug/net10.0/myiotgrid.hub.interface.tests.dll" id="12d19546-afd7-bd98-4121-311bb05d9bbb">
      <Execution id="1987829e-ac9e-4db5-ba53-2b6bce826199" />
      <TestMethod codeBase="/Users/frankbersch/RiderProjects/myIoTGrid/myIoTGrid.Hub/myIoTGrid.Hub.Backend/tests/myIoTGrid.Hub.Interface.Tests/bin/Debug/net10.0/myIoTGrid.Hub.Interface.Tests.dll" adapterTypeName="executor://xunit/VsTestRunner2/netcoreapp" className="myIoTGrid.Hub.Interface.Tests.Controllers.ReadingsControllerTests" name="GetFiltered_ReturnsOkWithPaginatedResult" />
    </UnitTest>
    <UnitTest name="myIoTGrid.Hub.Interface.Tests.Controllers.AlertsControllerTests.ReceiveFromCloud_WithValidData_ReturnsCreatedAtAction" storage="/users/frankbersch/riderprojects/myiotgrid/myiotgrid.hub/myiotgrid.hub.backend/tests/myiotgrid.hub.interface.tests/bin/debug/net10.0/myiotgrid.hub.interface.tests.dll" id="0931963d-d84c-7a60-c75d-50fe95317dcd">
      <Execution id="3d97a9aa-201d-47d3-87c9-4f946cd1c54b" />
      <TestMethod codeBase="/Users/frankbersch/RiderProjects/myIoTGrid/myIoTGrid.Hub/myIoTGrid.Hub.Backend/tests/myIoTGrid.Hub.Interface.Tests/bin/Debug/net10.0/myIoTGrid.Hub.Interface.Tests.dll" adapterTypeName="executor://xunit/VsTestRunner2/netcoreapp" className="myIoTGrid.Hub.Interface.Tests.Controllers.AlertsControllerTests" name="ReceiveFromCloud_WithValidData_ReturnsCreatedAtAction" />
    </UnitTest>
    <UnitTest name="myIoTGrid.Hub.Interface.Tests.Controllers.NodesControllerTests.Create_WithValidData_ReturnsCreatedAtAction" storage="/users/frankbersch/riderprojects/myiotgrid/myiotgrid.hub/myiotgrid.hub.backend/tests/myiotgrid.hub.interface.tests/bin/debug/net10.0/myiotgrid.hub.interface.tests.dll" id="3dcd01e3-2cbe-8e5b-a588-cb11fd8d3169">
      <Execution id="633a3aac-2c75-409e-9767-b491d504ebd8" />
      <TestMethod codeBase="/Users/frankbersch/RiderProjects/myIoTGrid/myIoTGrid.Hub/myIoTGrid.Hub.Backend/tests/myIoTGrid.Hub.Interface.Tests/bin/Debug/net10.0/myIoTGrid.Hub.Interface.Tests.dll" adapterTypeName="executor://xunit/VsTestRunner2/netcoreapp" className="myIoTGrid.Hub.Interface.Tests.Controllers.NodesControllerTests" name="Create_WithValidData_ReturnsCreatedAtAction" />
    </UnitTest>
    <UnitTest name="myIoTGrid.Hub.Interface.Tests.Middleware.ExceptionMiddlewareTests.InvokeAsync_IncludesTraceId" storage="/users/frankbersch/riderprojects/myiotgrid/myiotgrid.hub/myiotgrid.hub.backend/tests/myiotgrid.hub.interface.tests/bin/debug/net10.0/myiotgrid.hub.interface.tests.dll" id="6c157266-df31-31e0-e3d7-d64e0b881f0f">
      <Execution id="12712caa-efe9-4a58-a429-9183e0d4cf22" />
      <TestMethod codeBase="/Users/frankbersch/RiderProjects/myIoTGrid/myIoTGrid.Hub/myIoTGrid.Hub.Backend/tests/myIoTGrid.Hub.Interface.Tests/bin/Debug/net10.0/myIoTGrid.Hub.Interface.Tests.dll" adapterTypeName="executor://xunit/VsTestRunner2/netcoreapp" className="myIoTGrid.Hub.Interface.Tests.Middleware.ExceptionMiddlewareTests" name="InvokeAsync_IncludesTraceId" />
    </UnitTest>
[...]
      <Execution id="e9795c45-c088-4996-8703-f1accfa97352" />
      <TestMethod codeBase="/Users/frankbersch/RiderProjects/myIoTGrid/myIoTGrid.Hub/myIoTGrid.Hub.Backend/tests/myIoTGrid.Hub.Interface.Tests/bin/Debug/net10.0/myIoTGrid.Hub.Interface.Tests.dll" adapterTypeName="executor://xunit/VsTestRunner2/netcoreapp" className="myIoTGrid.Hub.Interface.Tests.Controllers.AlertsControllerTests" name="ReceiveFromCloud_WithoutNodeId_ReturnsCreatedAtAction" />
    </UnitTest>
    <UnitTest name="myIoTGrid.Hub.Interface.Tests.Controllers.NodesControllerTests.UpdateStatus_WithExistingNode_ReturnsNoContent" storage="/users/frankbersch/riderprojects/myiotgrid/myiotgrid.hub/myiotgrid.hub.backend/tests/myiotgrid.hub.interface.tests/bin/debug/net10.0/myiotgrid.hub.interface.tests.dll" id="a2247310-2224-93cb-e8de-7439eee9bf07">
      <Execution id="4ebce8ea-bf6e-438c-b209-e4d19138e865" />
      <TestMethod codeBase="/Users/frankbersch/RiderProjects/myIoTGrid/myIoTGrid.Hub/myIoTGrid.Hub.Backend/tests/myIoTGrid.Hub.Interface.Tests/bin/Debug/net10.0/myIoTGrid.Hub.Interface.Tests.dll" adapterTypeName="executor://xunit/VsTestRunner2/netcoreapp" className="myIoTGrid.Hub.Interface.Tests.Controllers.NodesControllerTests" name="UpdateStatus_WithExistingNode_ReturnsNoContent" />
    </UnitTest>
    <UnitTest name="myIoTGrid.Hub.Interface.Tests.Controllers.HubsControllerTests.Create_WithMinimalData_ReturnsCreatedAtAction" storage="/users/frankbersch/riderprojects/myiotgrid/myiotgrid.hub/myiotgrid.hub.backend/tests/myiotgrid.hub.interface.tests/bin/debug/net10.0/myiotgrid.hub.interface.tests.dll" id="d87c36ee-b752-b703-b6a7-9ec7a063231b">
      <Execution id="44488eba-de60-43a4-bca4-c52a733982f8" />
      <TestMethod codeBase="/Users/frankbersch/RiderProjects/myIoTGrid/myIoTGrid.Hub/myIoTGrid.Hub.Backend/tests/myIoTGrid.Hub.Interface.Tests/bin/Debug/net10.0/myIoTGrid.Hub.Interface.Tests.dll" adapterTypeName="executor://xunit/VsTestRunner2/netcoreapp" className="myIoTGrid.Hub.Interface.Tests.Controllers.HubsControllerTests" name="Create_WithMinimalData_ReturnsCreatedAtAction" />
    </UnitTest>
    <UnitTest name="myIoTGrid.Hub.Interface.Tests.Middleware.ExceptionMiddlewareTests.InvokeAsync_InDevelopment_WithInternalError_IncludesStackTrace" storage="/users/frankbersch/riderprojects/myiotgrid/myiotgrid.hub/myiotgrid.hub.backend/tests/myiotgrid.hub.interface.tests/bin/debug/net10.0/myiotgrid.hub.interface.tests.dll" id="d5da3df5-46e8-505e-4875-8cd24a3062af">
      <Execution id="43a9705c-ca42-41de-be5e-e6868da45cb7" />
      <TestMethod codeBase="/Users/frankbersch/RiderProjects/myIoTGrid/myIoTGrid.Hub/myIoTGrid.Hub.Backend/tests/myIoTGrid.Hub.Interface.Tests/bin/Debug/net10.0/myIoTGrid.Hub.Interface.Tests.dll" adapterTypeName="executor://xunit/VsTestRunner2/netcoreapp" className="myIoTGrid.Hub.Interface.Tests.Middleware.ExceptionMiddlewareTests" name="InvokeAsync_InDevelopment_WithInternalError_IncludesStackTrace" />
    </UnitTest>
    <UnitTest name="myIoTGrid.Hub.Interface.Tests.Controllers.AlertsControllerTests.GetFiltered_WithEmptyFilter_ReturnsOk" storage="/users/frankbersch/riderprojects/myiotgrid/myiotgrid.hub/myiotgrid.hub.backend/tests/myiotgrid.hub.interface.tests/bin/debug/net10.0/myiotgrid.hub.interface.tests.dll" id="a2ae38f8-c388-7696-b899-a928a29cbb73">
      <Execution id="0922ae8a-6328-4513-96fe-fae8e633299b" />
      <TestMethod codeBase="/Users/frankbersch/RiderProjects/myIoTGrid/myIoTGrid.Hub/myIoTGrid.Hub.Backend/tests/myIoTGrid.Hub.Interface.Tests/bin/Debug/net10.0/myIoTGrid.Hub.Interface.Tests.dll" adapterTypeName="executor://xunit/VsTestRunner2/netcoreapp" className="myIoTGrid.Hub.Interface.Tests.Controllers.AlertsControllerTests" name="GetFiltered_WithEmptyFilter_ReturnsOk" />
    </UnitTest>
    <UnitTest name="myIoTGrid.Hub.Interface.Tests.Controllers.HubsControllerTests.Update_WithPartialData_ReturnsOk" storage="/users/frankbersch/riderprojects/myiotgrid/myiotgrid.hub/myiotgrid.hub.backend/tests/myiotgrid.hub.interface.tests/bin/debug/net10.0/myiotgrid.hub.interface.tests.dll" id="511b6d2b-cc30-2bbc-73e7-1b043f834e47">
      <Execution id="0a0b3590-b1d1-4901-8e1c-b57c530dee87" />
      <TestMethod codeBase="/Users/frankbersch/RiderProjects/myIoTGrid/myIoTGrid.Hub/myIoTGrid.Hub.Backend/tests/myIoTGrid.Hub.Interface.Tests/bin/Debug/net10.0/myIoTGrid.Hub.Interface.Tests.dll" adapterTypeName="executor://xunit/VsTestRunner2/netcoreapp" className="myIoTGrid.Hub.Interface.Tests.Controllers.HubsControllerTests" name="Update_WithPartialData_ReturnsOk" />
    </UnitTest>
    <UnitTest name="myIoTGrid.Hub.Interface.Tests.Controllers.NodesControllerTests.GetById_WithExistingNode_ReturnsOkWithNode" storage="/users/frankbersch/riderprojects/myiotgrid/myiotgrid.hub/myiotgrid.hub.backend/tests/myiotgrid.hub.interface.tests/bin/debug/net10.0/myiotgrid.hub.interface.tests.dll" id="344101bb-2215-8bfb-077b-662535c368f5">
      <Execution id="58075bcc-8d61-4602-812f-75a6634094ab" />
      <TestMethod codeBase="/Users/frankbersch/RiderProjects/myIoTGrid/myIoTGrid.Hub/myIoTGrid.Hub.Backend/tests/myIoTGrid.Hub.Interface.Tests/bin/Debug/net10.0/myIoTGrid.Hub.Interface.Tests.dll" adapterTypeName="executor://xunit/VsTestRunner2/netcoreapp" className="myIoTGrid.Hub.Interface.Tests.Controllers.NodesControllerTests" name="GetById_WithExistingNode_ReturnsOkWithNode" />
    </UnitTest>
    <UnitTest name="myIoTGrid.Hub.Interface.Tests.Controllers.NodesControllerTests.GetAssignmentByEndpoint_WithExistingAssignment_ReturnsOk" storage="/users/frankbersch/riderprojects/myiotgrid/myiotgrid.hub/myiotgrid.hub.backend/tests/myiotgrid.hub.interface.tests/bin/debug/net10.0/myiotgrid.hub.interface.tests.dll" id="94c11a4a-6117-5c8e-5f1e-6284654be08c">
      <Execution id="f8a0c435-45fe-4ec4-9974-1f3ea4883517" />
      <TestMethod codeBase="/Users/frankbersch/RiderProjects/myIoTGrid/myIoTGrid.Hub/myIoTGrid.Hub.Backend/tests/myIoTGrid.Hub.Interface.Tests/bin/Debug/net10.0/myIoTGrid.Hub.Interface.Tests.dll" adapterTypeName="executor://xunit/VsTestRunner2/netcoreapp" className="myIoTGrid.Hub.Interface.Tests.Controllers.NodesControllerTests" name="GetAssignmentByEndpoint_WithExistingAssignment_ReturnsOk" />
    </UnitTest>
  </TestDefinitions>
  <TestEntries>
    <TestEntry testId="8d63b32d-4c16-60be-047d-196e75f4a49b" executionId="a15be429-08ed-4015-9af7-7c8c19ebc47f" testListId="8c84fa94-04c1-424b-9868-57a2d4851a1d" />
    <TestEntry testId="70b72edc-c1f7-a492-ab66-fe80158e5811" executionId="1598d13d-8222-40d5-84a4-4bf3bae84ac1" testListId="8c84fa94-04c1-424b-9868-57a2d4851a1d" />
    <TestEntry testId="1f422190-70ec-fb20-360e-082045767a18" executionId="b17f46a1-d8cb-48ee-be39-0bacc43bf4e0" testListId="8c84fa94-04c1-424b-9868-57a2d4851a1d" />
    <TestEntry testId="6c157266-df31-31e0-e3d7-d64e0b881f0f" executionId="12712caa-efe9-4a58-a429-9183e0d4cf22" testListId="8c84fa94-04c1-424b-9868-57a2d4851a1d" />
    <TestEntry testId="daa4074c-cab4-33bd-f971-29b291d3f390" executionId="543a7a3a-1929-4e25-9f4a-74e32e024a9e" testListId="8c84fa94-04c1-424b-9868-57a2d4851a1d" />
    <TestEntry testId="f7927470-803c-2d90-60dc-8f757e1e66fa" executionId="b808526c-7342-4fa5-bdca-70a5969c996f" testListId="8c84fa94-04c1-424b-9868-57a2d4851a1d" />
    <TestEntry testId="c605f10e-f191-22a5-5493-0b505596d5b8" executionId="e8ced9aa-1e25-41eb-b997-5fd534efcdd2" testListId="8c84fa94-04c1-424b-9868-57a2d4851a1d" />
    <TestEntry testId="944fad7e-e770-9175-f9cb-3f3502a7ab57" executionId="940f3456-60ce-456e-bd2a-8b21b92b8b0a" testListId="8c84fa94-04c1-424b-9868-57a2d4851a1d" />
    <TestEntry testId="091f1b23-6dce-8b6f-bd81-e85b20ef33b1" executionId="39884132-99e5-4bca-8cde-087038f8cd5a" testListId="8c84fa94-04c1-424b-9868-57a2d4851a1d" />
    <TestEntry testId="0a859242-88d0-4fcc-3a4f-bc426f67d292" executionId="f6c4c11a-df41-4020-afd9-d70ea7956303" testListId="8c84fa94-04c1-424b-9868-57a2d4851a1d" />
    <TestEntry testId="a8770c87-cb6d-9c3a-98b3-ddd91b3387a3" executionId="9d558639-6454-49cb-a0c5-a55712c6818d" testListId="8c84fa94-04c1-424b-9868-57a2d4851a1d" />
    <TestEntry testId="da3a59d7-2f4b-cffe-e114-444f99a12278" executionId="eb82dc4f-1628-4b8e-888f-c4a585b69b57" testListId="8c84fa94-04c1-424b-9868-57a2d4851a1d" />
    <TestEntry testId="37090c82-dfac-96ad-a724-6a023de95492" executionId="23ff8701-e8b1-4d1a-98bc-b9d565675d07" testListId="8c84fa94-04c1-424b-9868-57a2d4851a1d" />
    <TestEntry testId="4e40e29a-d8b2-3f27-7a72-8058b20c0c36" executionId="00f7b236-632e-464c-b56e-e244e171f506" testListId="8c84fa94-04c1-424b-9868-57a2d4851a1d" />
    <TestEntry testId="57ac8c6e-cd51-75fc-a0bc-fd9d47c4aaa6" executionId="24c4383c-eb84-4d04-a4f4-fa1a5d92a240" testListId="8c84fa94-04c1-424b-9868-57a2d4851a1d" />
    <TestEntry testId="a2ae38f8-c388-7696-b899-a928a29cbb73" executionId="0922ae8a-6328-4513-96fe-fae8e633299b" testListId="8c84fa94-04c1-424b-9868-57a2d4851a1d" />
    <TestEntry testId="45c3bd13-d223-2039-7559-104b1d30097f" executionId="7adc0a43-abaa-4615-8249-2a9970a55b45" testListId="8c84fa94-04c1-424b-9868-57a2d4851a1d" />
    <TestEntry testId="f167b3b7-3edd-d854-19a4-71a13b48ea30" executionId="d39fe50e-2e14-4e91-96d2-ae18f7d44f21" testListId="8c84fa94-04c1-424b-9868-57a2d4851a1d" />
    <TestEntry testId="a1d5b509-60a5-2a08-fa6a-33246ff9ae6f" executionId="3757ddcd-3a56-404f-85cc-f7b290bb5929" testListId="8c84fa94-04c1-424b-9868-57a2d4851a1d" />
    <TestEntry testId="531fb5d1-0df3-137a-7488-31368e3e6944" executionId="d41162da-17bf-4ced-b22f-a35c9009c88c" testListId="8c84fa94-04c1-424b-9868-57a2d4851a1d" />
    <TestEntry testId="743cc769-2008-ae4b-06f7-e84fe10ce37f" executionId="2ca440a0-45e7-407c-8bfc-53fcbd25c44f" testListId="8c84fa94-04c1-424b-9868-57a2d4851a1d" />
    <TestEntry testId="eee0022e-56ca-9d9a-ae4f-df936dcadb9e" executionId="8fcd0a83-5543-4bb1-972a-1d58a3c04698" testListId="8c84fa94-04c1-424b-9868-57a2d4851a1d" />
    <TestEntry testId="fb655fa9-90ef-9609-b7ea-bb0547c844c1" executionId="8ff8460a-d446-489b-b4cb-fe69da6458ae" testListId="8c84fa94-04c1-424b-9868-57a2d4851a1d" />
    <TestEntry testId="f59e5c76-c63b-a8fb-2d96-1b8057084d60" executionId="bb80ba3d-1cdf-43f8-bdb4-12e1175b428e" testListId="8c84fa94-04c1-424b-9868-57a2d4851a1d" />
    <TestEntry testId="18cacd53-d955-8a7d-0de3-f594efad8830" executionId="b5a66a78-0159-43cc-84c0-b7626519555e" testListId="8c84fa94-04c1-424b-9868-57a2d4851a1d" />
    <TestEntry testId="66fb4f51-60e0-673b-4d21-09be02c95b5e" executionId="eb0aba78-917b-4c0b-a96d-fc3e3bc9ddc6" testListId="8c84fa94-04c1-424b-9868-57a2d4851a1d" />
    <TestEntry testId="c6f3a671-28a7-fc33-53a3-812349315853" executionId="4e5cbf04-0338-449b-a92a-453c80a16400" testListId="8c84fa94-04c1-424b-9868-57a2d4851a1d" />
    <TestEntry testId="a3a9cba7-7377-160e-a6da-b7004325ec67" executionId="2e0c6c80-9583-4796-a984-16fe9422539a" testListId="8c84fa94-04c1-424b-9868-57a2d4851a1d" />
    <TestEntry testId="e51f6d97-1da7-a5ae-a365-929258e8bc63" executionId="f936c515-cc50-4559-9b17-596ccdb51c05" testListId="8c84fa94-04c1-424b-9868-57a2d4851a1d" />
    <TestEntry testId="60cd8390-1a7c-2a48-fea7-b552781ca721" executionId="d85366b9-4e0b-4fad-b4da-b02a12952096" testListId="8c84fa94-04c1-424b-9868-57a2d4851a1d" />
    <TestEntry testId="511b6d2b-cc30-2bbc-73e7-1b043f834e47" executionId="0a0b3590-b1d1-4901-8e1c-b57c530dee87" testListId="8c84fa94-04c1-424b-9868-57a2d4851a1d" />
    <TestEntry testId="9d2ae806-e681-24bc-a6c0-bf58d9490d0d" executionId="2ee853f0-cb26-4db1-adc4-d132d227f090" testListId="8c84fa94-04c1-424b-9868-57a2d4851a1d" />
    <TestEntry testId="11478243-ef99-5698-bf71-117de7d62ad2" executionId="bb62642c-1b04-4352-a50a-5d26b1a5a603" testListId="8c84fa94-04c1-424b-9868-57a2d4851a1d" />
    <TestEntry testId="7fa64632-75e9-d4cf-a597-0e3307260303" executionId="e2aef270-c4ad-4103-a998-f2737de7bd35" testListId="8c84fa94-04c1-424b-9868-57a2d4851a1d" />
    <TestEntry testId="ea1a4f9d-45f6-95d5-bbd9-b0f7fb92ba76" executionId="38006a9c-c5c1-438e-a732-ff92d1b81332" testListId="8c84fa94-04c1-424b-9868-57a2d4851a1d" />
    <TestEntry testId="0d4b0835-ce5e-f01a-b218-90a7fc8d5c3f" executionId="b108c18d-9979-4b6f-bf15-7457d6aee04b" testListId="8c84fa94-04c1-424b-9868-57a2d4851a1d" />
    <TestEntry testId="7e1583ef-026e-104f-e1cc-14d0033df886" executionId="b01c37d5-dbed-4a94-b846-4571c1956309" testListId="8c84fa94-04c1-424b-9868-57a2d4851a1d" />
    <TestEntry testId="3d15f196-999d-a0d4-b8d4-d6707f4fef3f" executionId="e9795c45-c088-4996-8703-f1accfa97352" testListId="8c84fa94-04c1-424b-9868-57a2d4851a1d" />
    <TestEntry testId="12cc7b61-4170-fffe-8678-fc1f6c83b3c4" executionId="cc5198a8-eed3-4b81-b7f1-51e83afdd206" testListId="8c84fa94-04c1-424b-9868-57a2d4851a1d" />
    <TestEntry testId="d1ef942b-6067-269c-5773-d8f4e7a43520" executionId="629d30db-f578-41b8-a6b6-df42a6bc7044" testListId="8c84fa94-04c1-424b-9868-57a2d4851a1d" />
    <TestEntry testId="d4a99558-5346-f840-b5c9-1f7d61b68c66" executionId="db8b8f78-6a2a-4608-87ac-9d71edc14b48" testListId="8c84fa94-04c1-424b-9868-57a2d4851a1d" />
    <TestEntry testId="a2247310-2224-93cb-e8de-7439eee9bf07" executionId="4ebce8ea-bf6e-438c-b209-e4d19138e865" testListId="8c84fa94-04c1-424b-9868-57a2d4851a1d" />
    <TestEntry testId="17c631ba-9a00-f960-f8a1-8913590b217b" executionId="7abf67cb-6971-4b56-b15c-1d0db4e36576" testListId="8c84fa94-04c1-424b-9868-57a2d4851a1d" />
    <TestEntry testId="39fc8d95-a4f2-6120-8709-5d1e7b8ed178" executionId="bda31855-ac97-4046-8c6e-36e2269a4801" testListId="8c84fa94-04c1-424b-9868-57a2d4851a1d" />
    <TestEntry testId="977eabeb-3666-4b78-c0e3-e376197e87d2" executionId="2c0ea048-3937-4f18-9281-7c1ed4feda7d" testListId="8c84fa94-04c1-424b-9868-57a2d4851a1d" />
    <TestEntry testId="d5da3df5-46e8-505e-4875-8cd24a3062af" executionId="43a9705c-ca42-41de-be5e-e6868da45cb7" testListId="8c84fa94-04c1-424b-9868-57a2d4851a1d" />
    <TestEntry testId="ca24ffc3-e9d2-84e3-6463-138c21188ff6" executionId="eb102e93-9475-43a8-87ef-f3464b8f1eb1" testListId="8c84fa94-04c1-424b-9868-57a2d4851a1d" />
    <TestEntry testId="6475abcf-b332-dbb4-b4ac-0657c374b12f" executionId="941f5f39-3e10-4125-b13b-cdf03c4b2c58" testListId="8c84fa94-04c1-424b-9868-57a2d4851a1d" />
    <TestEntry testId="57ef9bb9-6e66-0d19-4600-5ce2098646ee" executionId="5d6ee012-d9da-44c6-b752-5ef6f552982a" testListId="8c84fa94-04c1-424b-9868-57a2d4851a1d" />
    <TestEntry testId="3ea90265-1379-1af4-630f-8cbee1fe79be" executionId="ae49c2dc-0ec5-49ce-b79d-36f1d3094bc2" testListId="8c84fa94-04c1-424b-9868-57a2d4851a1d" />
    <TestEntry testId="2479373c-a76d-7354-16f3-190210a45943" executionId="80fecdfb-ee30-47c8-a408-8a7a2d625e03" testListId="8c84fa94-04c1-424b-9868-57a2d4851a1d" />
    <TestEntry testId="59f65c9d-3b2d-a3c5-c209-7e648347d1fd" executionId="5c895af1-b772-4a00-abbb-aec1efeb061f" testListId="8c84fa94-04c1-424b-9868-57a2d4851a1d" />
    <TestEntry testId="6646cd47-6c80-327d-b739-3819f72fc820" executionId="ff8c22ad-d026-48dc-8357-362febef86d5" testListId="8c84fa94-04c1-424b-9868-57a2d4851a1d" />
    <TestEntry testId="344101bb-2215-8bfb-077b-662535c368f5" executionId="58075bcc-8d61-4602-812f-75a6634094ab" testListId="8c84fa94-04c1-424b-9868-57a2d4851a1d" />
    <TestEntry testId="05ff67e8-9991-b0cb-67c7-5267d9045fe4" executionId="f47b7550-f74e-4776-8061-b1227ef3fb8f" testListId="8c84fa94-04c1-424b-9868-57a2d4851a1d" />
    <TestEntry testId="0abd93e0-31dd-01b8-0ceb-693fbb64d80c" executionId="d9a3cc44-2a43-4ea0-82b7-5d211ccbf735" testListId="8c84fa94-04c1-424b-9868-57a2d4851a1d" />
    <TestEntry testId="d87c36ee-b752-b703-b6a7-9ec7a063231b" executionId="44488eba-de60-43a4-bca4-c52a733982f8" testListId="8c84fa94-04c1-424b-9868-57a2d4851a1d" />
    <TestEntry testId="94c11a4a-6117-5c8e-5f1e-6284654be08c" executionId="f8a0c435-45fe-4ec4-9974-1f3ea4883517" testListId="8c84fa94-04c1-424b-9868-57a2d4851a1d" />
    <TestEntry testId="c47c63b2-186d-2054-d0fc-73dcae2e07b9" executionId="3d147677-5021-4885-b49f-ebb582d51a55" testListId="8c84fa94-04c1-424b-9868-57a2d4851a1d" />
    <TestEntry testId="ffbac31f-21f0-1fe5-5290-76042970f8a0" executionId="865f7303-e4db-4d2c-977a-6a8a6ebe44f4" testListId="8c84fa94-04c1-424b-9868-57a2d4851a1d" />
    <TestEntry testId="ae52e8f1-a789-f60d-88b2-3721a1780e02" executionId="adac481f-f4f5-4c9f-8278-841224d75df6" testListId="8c84fa94-04c1-424b-9868-57a2d4851a1d" />
    <TestEntry testId="12d19546-afd7-bd98-4121-311bb05d9bbb" executionId="1987829e-ac9e-4db5-ba53-2b6bce826199" testListId="8c84fa94-04c1-424b-9868-57a2d4851a1d" />
    <TestEntry testId="f4bcf280-e92a-0e0e-c3d1-aac6536bce67" executionId="f409cced-1f04-47d7-848a-063aa6118c9e" testListId="8c84fa94-04c1-424b-9868-57a2d4851a1d" />
    <TestEntry testId="b658f556-fd43-86e9-8f6d-ea8f239ee96a" executionId="7537c6df-9062-4c56-8def-39ce644994a2" testListId="8c84fa94-04c1-424b-9868-57a2d4851a1d" />
    <TestEntry testId="1f8941e9-d1e7-26fa-448d-d04f8e416d11" executionId="5704916d-0433-40e2-bd20-16185dd051bd" testListId="8c84fa94-04c1-424b-9868-57a2d4851a1d" />
    <TestEntry testId="82e9ae91-6094-cfe2-ecca-ad5b3f47d6f5" executionId="0a17bfdc-0140-4e54-a520-9482003b42db" testListId="8c84fa94-04c1-424b-9868-57a2d4851a1d" />
    <TestEntry testId="2a25f420-eff7-5474-a072-ff5c3d9b583a" executionId="65005244-5307-4c1f-995b-b83c49c82878" testListId="8c84fa94-04c1-424b-9868-57a2d4851a1d" />
    <TestEntry testId="f6ce1302-ae10-3ad3-ed32-940a3e1a627e" executionId="3bda34b0-c74d-49a5-bfa3-9ba94610496e" testListId="8c84fa94-04c1-424b-9868-57a2d4851a1d" />
    <TestEntry testId="594ae069-ad42-d85e-b6fd-bc73ce23141b" executionId="fbec70fa-6ca9-47f8-857b-e9a1505d886d" testListId="8c84fa94-04c1-424b-9868-57a2d4851a1d" />
    <TestEntry testId="d5642fc0-c622-a5fa-41d0-e246cb50b4bc" executionId="d7b69f90-514a-43dd-a028-ce8205671d4f" testListId="8c84fa94-04c1-424b-9868-57a2d4851a1d" />
    <TestEntry testId="3dcd01e3-2cbe-8e5b-a588-cb11fd8d3169" executionId="633a3aac-2c75-409e-9767-b491d504ebd8" testListId="8c84fa94-04c1-424b-9868-57a2d4851a1d" />
    <TestEntry testId="0931963d-d84c-7a60-c75d-50fe95317dcd" executionId="3d97a9aa-201d-47d3-87c9-4f946cd1c54b" testListId="8c84fa94-04c1-424b-9868-57a2d4851a1d" />
    <TestEntry testId="c093e481-8368-41fb-cf1d-ad9f6332889a" executionId="f02f700a-49d1-4dce-9f48-f81d57ef603a" testListId="8c84fa94-04c1-424b-9868-57a2d4851a1d" />
    <TestEntry testId="58b17ac4-eebb-7851-8c05-50b0d874c73b" executionId="1bf2b968-515a-4829-832d-398bdb7ca4c7" testListId="8c84fa94-04c1-424b-9868-57a2d4851a1d" />
    <TestEntry testId="6d5609cb-9f06-e386-d910-8beab31bc2d2" executionId="b1dbe1ef-a9b6-450c-a5b5-b819440247d3" testListId="8c84fa94-04c1-424b-9868-57a2d4851a1d" />
    <TestEntry testId="d5bd9c7a-e69d-1f3f-f3b1-84378cd126e4" executionId="17946c28-4b64-4b45-afdb-7e3705db46f1" testListId="8c84fa94-04c1-424b-9868-57a2d4851a1d" />
    <TestEntry testId="33be1c92-cd3a-12e6-1df1-4f5b35303817" executionId="1b690ec4-bf8d-435b-9960-b80103b0b580" testListId="8c84fa94-04c1-424b-9868-57a2d4851a1d" />
  </TestEntries>
  <TestLists>
    <TestList name="Ergebnisse nicht in einer Liste" id="8c84fa94-04c1-424b-9868-57a2d4851a1d" />
    <TestList name="Alle geladenen Ergebnisse" id="19431567-8539-422a-85d7-44ee4e166bda" />
  </TestLists>
  <ResultSummary outcome="Completed">
    <Counters total="77" executed="77" passed="77" failed="0" error="0" timeout="0" aborted="0" inconclusive="0" passedButRunAborted="0" notRunnable="0" notExecuted="0" disconnected="0" warning="0" completed="0" inProgress="0" pending="0" />
    <Output>
      <StdOut>[xUnit.net 00:00:00.00] xUnit.net VSTest Adapter v2.8.2+699d445a1a (64-bit .NET 10.0.0)
[xUnit.net 00:00:00.03]   Discovering: myIoTGrid.Hub.Interface.Tests
[xUnit.net 00:00:00.04]   Discovered:  myIoTGrid.Hub.Interface.Tests
[xUnit.net 00:00:00.05]   Starting:    myIoTGrid.Hub.Interface.Tests
[xUnit.net 00:00:00.14]   Finished:    myIoTGrid.Hub.Interface.Tests
</StdOut>
    </Output>
  </ResultSummary>
</TestRun>